2019-05-21 09:02:18,075-INFO-test_sendMCode-日I信息:准备测试前置！-[test_sendMCode.py:22]
2019-05-21 09:02:18,082-INFO-test_sendMCode-日I信息:_始y：手机号码合理-[test_sendMCode.py:29]
2019-05-21 09:02:20,167-INFO-test_sendMCode-日I信息:用例y的Y果是：ok-[test_sendMCode.py:39]
2019-05-21 09:02:20,168-INFO-test_sendMCode-日I信息:Excel里期望的Y果：ok-[test_sendMCode.py:40]
2019-05-21 09:02:20,168-INFO-test_sendMCode-日I信息:魅氲凳牵{'client_ip':'220.24.235.105','tmpl_id':1,'mobile':'18252329543'}-[test_sendMCode.py:41]
2019-05-21 09:02:20,291-INFO-test_sendMCode-日I信息:熳钺量：9-[test_sendMCode.py:54]
2019-05-21 09:02:20,292-INFO-test_sendMCode-日I信息:_始y：手机号码为空-[test_sendMCode.py:29]
2019-05-21 09:02:20,385-INFO-test_sendMCode-日I信息:用例y的Y果是：手机号码错误-[test_sendMCode.py:39]
2019-05-21 09:02:20,385-INFO-test_sendMCode-日I信息:Excel里期望的Y果：手机号码错误-[test_sendMCode.py:40]
2019-05-21 09:02:20,386-INFO-test_sendMCode-日I信息:魅氲凳牵{'client_ip':'220.24.235.105','tmpl_id':1,'mobile':''}-[test_sendMCode.py:41]
2019-05-21 09:02:20,424-INFO-test_sendMCode-日I信息:_始y：手机号码格式不正确-[test_sendMCode.py:29]
2019-05-21 09:02:20,455-INFO-test_sendMCode-日I信息:用例y的Y果是：手机号码错误-[test_sendMCode.py:39]
2019-05-21 09:02:20,455-INFO-test_sendMCode-日I信息:Excel里期望的Y果：手机号码错误-[test_sendMCode.py:40]
2019-05-21 09:02:20,455-INFO-test_sendMCode-日I信息:魅氲凳牵{'client_ip':'220.24.235.105','tmpl_id':1,'mobile':'nihao'}-[test_sendMCode.py:41]
2019-05-21 09:02:20,490-INFO-test_sendMCode-日I信息:_始y：手机号码位数不正确-[test_sendMCode.py:29]
2019-05-21 09:02:20,517-INFO-test_sendMCode-日I信息:用例y的Y果是：手机号码错误-[test_sendMCode.py:39]
2019-05-21 09:02:20,517-INFO-test_sendMCode-日I信息:Excel里期望的Y果：手机号码错误-[test_sendMCode.py:40]
2019-05-21 09:02:20,517-INFO-test_sendMCode-日I信息:魅氲凳牵{'client_ip':'220.24.235.105','tmpl_id':1,'mobile':'1821881316'}-[test_sendMCode.py:41]
2019-05-21 09:02:20,552-INFO-test_sendMCode-日I信息:测试后置处理！-[test_sendMCode.py:64]
2019-05-21 09:11:41,497-INFO-test_userRegister-日I信息:准备测试前置！-[test_userRegister.py:27]
2019-05-21 09:18:06,897-INFO-test_bindBankCard-日I信息:准备测试前置！-[test_bindBankCard.py:26]
2019-05-21 09:18:06,897-INFO-test_bindBankCard-日I信息:_始y：成功@取Ca-[test_bindBankCard.py:33]
2019-05-21 09:18:07,441-INFO-test_bindBankCard-日I信息:用例y的Y果是：ok-[test_bindBankCard.py:43]
2019-05-21 09:18:07,441-INFO-test_bindBankCard-日I信息:Excel里期望的Y果：ok-[test_bindBankCard.py:44]
2019-05-21 09:18:07,441-INFO-test_bindBankCard-日I信息:魅氲凳牵{'client_ip':'220.24.235.105','tmpl_id':1,'mobile':'18207717426'}-[test_bindBankCard.py:45]
2019-05-21 09:18:07,486-INFO-test_bindBankCard-日I信息:Y束y：成功@取Ca-[test_bindBankCard.py:73]
2019-05-21 09:18:07,487-INFO-test_bindBankCard-日I信息:_始y：成功]-[test_bindBankCard.py:33]
2019-05-21 09:18:09,761-INFO-test_bindBankCard-日I信息:用例y的Y果是：ok-[test_bindBankCard.py:43]
2019-05-21 09:18:09,761-INFO-test_bindBankCard-日I信息:Excel里期望的Y果：ok-[test_bindBankCard.py:44]
2019-05-21 09:18:09,761-INFO-test_bindBankCard-日I信息:魅氲凳牵{'verify_code':'868857','user_id':'test_O9','channel_id':1,'pwd':'765120214','mobile':'18207717426','ip':'220.24.235.105'}-[test_bindBankCard.py:45]
2019-05-21 09:18:09,805-INFO-test_bindBankCard-日I信息:Y束y：成功]-[test_bindBankCard.py:73]
2019-05-21 09:18:09,806-INFO-test_bindBankCard-日I信息:_始y：成功JC-[test_bindBankCard.py:33]
2019-05-21 09:18:10,024-INFO-test_bindBankCard-日I信息:用例y的Y果是：ok-[test_bindBankCard.py:43]
2019-05-21 09:18:10,024-INFO-test_bindBankCard-日I信息:Excel里期望的Y果：ok-[test_bindBankCard.py:44]
2019-05-21 09:18:10,024-INFO-test_bindBankCard-日I信息:魅氲凳牵{'uid':'100011231','true_name':'海明威','cre_id':'310004198607172015'}-[test_bindBankCard.py:45]
2019-05-21 09:18:10,103-INFO-test_bindBankCard-日I信息:Y束y：成功JC-[test_bindBankCard.py:73]
2019-05-21 09:18:10,103-INFO-test_bindBankCard-日I信息:_始y：定y行卡-[test_bindBankCard.py:33]
2019-05-21 09:18:10,156-INFO-test_bindBankCard-日I信息:测试后置处理！-[test_bindBankCard.py:77]
2019-05-21 09:18:10,157-INFO-test_sendMCode-日I信息:准备测试前置！-[test_sendMCode.py:22]
2019-05-21 09:18:10,157-INFO-test_sendMCode-日I信息:_始y：手机号码合理-[test_sendMCode.py:29]
2019-05-21 09:18:10,184-INFO-test_sendMCode-日I信息:_始y：手机号码为空-[test_sendMCode.py:29]
2019-05-21 09:18:10,206-INFO-test_sendMCode-日I信息:用例y的Y果是：手机号码错误-[test_sendMCode.py:39]
2019-05-21 09:18:10,206-INFO-test_sendMCode-日I信息:Excel里期望的Y果：手机号码错误-[test_sendMCode.py:40]
2019-05-21 09:18:10,206-INFO-test_sendMCode-日I信息:魅氲凳牵{'client_ip':'220.24.235.105','tmpl_id':1,'mobile':''}-[test_sendMCode.py:41]
2019-05-21 09:18:10,239-INFO-test_sendMCode-日I信息:Y束y：手机号码为空-[test_sendMCode.py:59]
2019-05-21 09:18:10,239-INFO-test_sendMCode-日I信息:_始y：手机号码格式不正确-[test_sendMCode.py:29]
2019-05-21 09:18:10,267-INFO-test_sendMCode-日I信息:用例y的Y果是：手机号码错误-[test_sendMCode.py:39]
2019-05-21 09:18:10,268-INFO-test_sendMCode-日I信息:Excel里期望的Y果：手机号码错误-[test_sendMCode.py:40]
2019-05-21 09:18:10,268-INFO-test_sendMCode-日I信息:魅氲凳牵{'client_ip':'220.24.235.105','tmpl_id':1,'mobile':'nihao'}-[test_sendMCode.py:41]
2019-05-21 09:18:10,303-INFO-test_sendMCode-日I信息:Y束y：手机号码格式不正确-[test_sendMCode.py:59]
2019-05-21 09:18:10,304-INFO-test_sendMCode-日I信息:_始y：手机号码位数不正确-[test_sendMCode.py:29]
2019-05-21 09:18:10,327-INFO-test_sendMCode-日I信息:用例y的Y果是：手机号码错误-[test_sendMCode.py:39]
2019-05-21 09:18:10,327-INFO-test_sendMCode-日I信息:Excel里期望的Y果：手机号码错误-[test_sendMCode.py:40]
2019-05-21 09:18:10,327-INFO-test_sendMCode-日I信息:魅氲凳牵{'client_ip':'220.24.235.105','tmpl_id':1,'mobile':'1821881316'}-[test_sendMCode.py:41]
2019-05-21 09:18:10,363-INFO-test_sendMCode-日I信息:Y束y：手机号码位数不正确-[test_sendMCode.py:59]
2019-05-21 09:18:10,363-INFO-test_sendMCode-日I信息:测试后置处理！-[test_sendMCode.py:64]
2019-05-21 09:18:10,379-INFO-test_userRegister-日I信息:准备测试前置！-[test_userRegister.py:27]
2019-05-21 09:18:10,379-INFO-test_userRegister-日I信息:_始y：@取Ca-[test_userRegister.py:34]
2019-05-21 09:18:10,728-INFO-test_userRegister-日I信息:用例y的Y果是：ok-[test_userRegister.py:48]
2019-05-21 09:18:10,729-INFO-test_userRegister-日I信息:Excel里期望的Y果：ok-[test_userRegister.py:49]
2019-05-21 09:18:10,729-INFO-test_userRegister-日I信息:魅氲凳牵{'client_ip':'220.24.235.105','tmpl_id':1,'mobile':'18245039762'}-[test_userRegister.py:50]
2019-05-21 09:18:10,762-ERROR-test_userRegister-日I信息:箦e了,z查sql是否有`！Cursor closed-[test_userRegister.py:71]
2019-05-21 09:18:10,777-INFO-test_userRegister-日I信息:_始y：输入正确短信验证码-[test_userRegister.py:34]
2019-05-21 09:18:10,778-INFO-test_userRegister-日I信息:_始y：输入重}的用裘-[test_userRegister.py:34]
2019-05-21 09:18:10,894-INFO-test_userRegister-日I信息:用例y的Y果是：验证码错误-[test_userRegister.py:48]
2019-05-21 09:18:10,895-INFO-test_userRegister-日I信息:Excel里期望的Y果：该用户已存在-[test_userRegister.py:49]
2019-05-21 09:18:10,895-INFO-test_userRegister-日I信息:魅氲凳牵{'verify_code':'868857','user_id':'test_O11','channel_id':1,'pwd':'765120214','mobile':'18245039762','ip':'220.24.235.105'}-[test_userRegister.py:50]
2019-05-21 09:18:10,929-ERROR-test_userRegister-日I信息:出错了！'该用户已存在' != '验证码错误'
- 该用户已存在
+ 验证码错误
-[test_userRegister.py:57]
2019-05-21 09:18:10,929-INFO-test_userRegister-日I信息:_始y：输入格式错误短信验证码-[test_userRegister.py:34]
2019-05-21 09:18:11,048-INFO-test_userRegister-日I信息:用例y的Y果是：验证码错误-[test_userRegister.py:48]
2019-05-21 09:18:11,048-INFO-test_userRegister-日I信息:Excel里期望的Y果：验证码错误-[test_userRegister.py:49]
2019-05-21 09:18:11,048-INFO-test_userRegister-日I信息:魅氲凳牵{'verify_code':'niaho','user_id':'test_O12','channel_id':1,'pwd':'765120214','mobile':'18245039762','ip':'220.24.235.105'}-[test_userRegister.py:50]
2019-05-21 09:18:11,081-INFO-test_userRegister-日I信息:Y束y：输入格式错误短信验证码-[test_userRegister.py:73]
2019-05-21 09:18:11,082-INFO-test_userRegister-日I信息:_始y：输入位数错误短信验证码-[test_userRegister.py:34]
2019-05-21 09:18:11,194-INFO-test_userRegister-日I信息:用例y的Y果是：验证码错误-[test_userRegister.py:48]
2019-05-21 09:18:11,194-INFO-test_userRegister-日I信息:Excel里期望的Y果：验证码错误-[test_userRegister.py:49]
2019-05-21 09:18:11,194-INFO-test_userRegister-日I信息:魅氲凳牵{'verify_code':'1','user_id':'test_O13','channel_id':1,'pwd':'765120214','mobile':'18245039762','ip':'220.24.235.105'}-[test_userRegister.py:50]
2019-05-21 09:18:11,227-INFO-test_userRegister-日I信息:Y束y：输入位数错误短信验证码-[test_userRegister.py:73]
2019-05-21 09:18:11,227-INFO-test_userRegister-日I信息:_始y：输入空的短信验证码-[test_userRegister.py:34]
2019-05-21 09:18:11,282-INFO-test_userRegister-日I信息:用例y的Y果是：验证码错误-[test_userRegister.py:48]
2019-05-21 09:18:11,282-INFO-test_userRegister-日I信息:Excel里期望的Y果：验证码错误-[test_userRegister.py:49]
2019-05-21 09:18:11,282-INFO-test_userRegister-日I信息:魅氲凳牵{'verify_code':'','user_id':'test_O14','channel_id':1,'pwd':'765120214','mobile':'18245039762','ip':'220.24.235.1050'}-[test_userRegister.py:50]
2019-05-21 09:18:11,317-INFO-test_userRegister-日I信息:Y束y：输入空的短信验证码-[test_userRegister.py:73]
2019-05-21 09:18:11,318-INFO-test_userRegister-日I信息:_始y：输入空的注册名-[test_userRegister.py:34]
2019-05-21 09:18:11,374-INFO-test_userRegister-日I信息:用例y的Y果是：用户名错误-[test_userRegister.py:48]
2019-05-21 09:18:11,374-INFO-test_userRegister-日I信息:Excel里期望的Y果：用户名错误-[test_userRegister.py:49]
2019-05-21 09:18:11,375-INFO-test_userRegister-日I信息:魅氲凳牵{'verify_code':'868857','user_id':'','channel_id':1,'pwd':'765120214','mobile':'18245039762','ip':'220.24.235.105'}-[test_userRegister.py:50]
2019-05-21 09:18:11,416-INFO-test_userRegister-日I信息:Y束y：输入空的注册名-[test_userRegister.py:73]
2019-05-21 09:18:11,416-INFO-test_userRegister-日I信息:_始y：输入空的渠道信息-[test_userRegister.py:34]
2019-05-21 09:18:11,469-INFO-test_userRegister-日I信息:用例y的Y果是：渠道信息错误-[test_userRegister.py:48]
2019-05-21 09:18:11,470-INFO-test_userRegister-日I信息:Excel里期望的Y果：渠道信息错误-[test_userRegister.py:49]
2019-05-21 09:18:11,470-INFO-test_userRegister-日I信息:魅氲凳牵{'verify_code':'868857','user_id':'test_O16','channel_id':'','pwd':'765120214','mobile':'18245039762','ip':'220.24.235.105'}-[test_userRegister.py:50]
2019-05-21 09:18:11,505-INFO-test_userRegister-日I信息:Y束y：输入空的渠道信息-[test_userRegister.py:73]
2019-05-21 09:18:11,505-INFO-test_userRegister-日I信息:_始y：输入格式有误的渠道信息-[test_userRegister.py:34]
2019-05-21 09:18:11,562-INFO-test_userRegister-日I信息:用例y的Y果是：渠道信息错误-[test_userRegister.py:48]
2019-05-21 09:18:11,562-INFO-test_userRegister-日I信息:Excel里期望的Y果：渠道信息错误-[test_userRegister.py:49]
2019-05-21 09:18:11,562-INFO-test_userRegister-日I信息:魅氲凳牵{'verify_code':'868857','user_id':'test_O17','channel_id':'nihao','pwd':'765120214','mobile':'18245039762','ip':'220.24.235.105'}-[test_userRegister.py:50]
2019-05-21 09:18:11,596-INFO-test_userRegister-日I信息:Y束y：输入格式有误的渠道信息-[test_userRegister.py:73]
2019-05-21 09:18:11,596-INFO-test_userRegister-日I信息:_始y：输入非规定渠道信息-[test_userRegister.py:34]
2019-05-21 09:18:11,684-INFO-test_userRegister-日I信息:用例y的Y果是：渠道信息错误-[test_userRegister.py:48]
2019-05-21 09:18:11,684-INFO-test_userRegister-日I信息:Excel里期望的Y果：渠道信息错误-[test_userRegister.py:49]
2019-05-21 09:18:11,684-INFO-test_userRegister-日I信息:魅氲凳牵{'verify_code':'868857','user_id':'test_O18','channel_id':4,'pwd':'765120214','mobile':'18245039762','ip':'220.24.235.105'}-[test_userRegister.py:50]
2019-05-21 09:18:11,725-INFO-test_userRegister-日I信息:Y束y：输入非规定渠道信息-[test_userRegister.py:73]
2019-05-21 09:18:11,725-INFO-test_userRegister-日I信息:_始y：输入空的登录密码-[test_userRegister.py:34]
2019-05-21 09:18:11,780-INFO-test_userRegister-日I信息:用例y的Y果是：用户UID错误-[test_userRegister.py:48]
2019-05-21 09:18:11,780-INFO-test_userRegister-日I信息:Excel里期望的Y果：用户UID错误-[test_userRegister.py:49]
2019-05-21 09:18:11,780-INFO-test_userRegister-日I信息:魅氲凳牵{'verify_code':'868857','user_id':'test_O19','channel_id':1,'pwd':'','mobile':'18245039762','ip':'220.24.235.105'}-[test_userRegister.py:50]
2019-05-21 09:18:11,813-INFO-test_userRegister-日I信息:Y束y：输入空的登录密码-[test_userRegister.py:73]
2019-05-21 09:18:11,814-INFO-test_userRegister-日I信息:_始y：输入不同手机号-[test_userRegister.py:34]
2019-05-21 09:18:11,934-INFO-test_userRegister-日I信息:用例y的Y果是：短信验证码已丢失-[test_userRegister.py:48]
2019-05-21 09:18:11,934-INFO-test_userRegister-日I信息:Excel里期望的Y果：短信验证码已丢失-[test_userRegister.py:49]
2019-05-21 09:18:11,934-INFO-test_userRegister-日I信息:魅氲凳牵{'verify_code':'868857','user_id':'test_O20','channel_id':1,'pwd':'765120214','mobile':'18218813630','ip':'220.24.235.105'}-[test_userRegister.py:50]
2019-05-21 09:18:12,007-INFO-test_userRegister-日I信息:Y束y：输入不同手机号-[test_userRegister.py:73]
2019-05-21 09:18:12,007-INFO-test_userRegister-日I信息:_始y：输入格式错误的手机号-[test_userRegister.py:34]
2019-05-21 09:18:12,058-INFO-test_userRegister-日I信息:用例y的Y果是：手机号错误-[test_userRegister.py:48]
2019-05-21 09:18:12,058-INFO-test_userRegister-日I信息:Excel里期望的Y果：手机号错误-[test_userRegister.py:49]
2019-05-21 09:18:12,058-INFO-test_userRegister-日I信息:魅氲凳牵{'verify_code':'868857','user_id':'test_O21','channel_id':1,'pwd':'765120214','mobile':'nihao','ip':'220.24.235.105'}-[test_userRegister.py:50]
2019-05-21 09:18:12,091-INFO-test_userRegister-日I信息:Y束y：输入格式错误的手机号-[test_userRegister.py:73]
2019-05-21 09:18:12,092-INFO-test_userRegister-日I信息:_始y：输入位数有误的手机号-[test_userRegister.py:34]
2019-05-21 09:18:12,145-INFO-test_userRegister-日I信息:用例y的Y果是：手机号错误-[test_userRegister.py:48]
2019-05-21 09:18:12,145-INFO-test_userRegister-日I信息:Excel里期望的Y果：手机号错误-[test_userRegister.py:49]
2019-05-21 09:18:12,146-INFO-test_userRegister-日I信息:魅氲凳牵{'verify_code':'868857','user_id':'test_O22','channel_id':1,'pwd':'765120214','mobile':'1821881316','ip':'220.24.235.105'}-[test_userRegister.py:50]
2019-05-21 09:18:12,186-INFO-test_userRegister-日I信息:Y束y：输入位数有误的手机号-[test_userRegister.py:73]
2019-05-21 09:18:12,187-INFO-test_userRegister-日I信息:_始y：输入空的手机号-[test_userRegister.py:34]
2019-05-21 09:18:12,237-INFO-test_userRegister-日I信息:用例y的Y果是：手机号错误-[test_userRegister.py:48]
2019-05-21 09:18:12,237-INFO-test_userRegister-日I信息:Excel里期望的Y果：手机号错误-[test_userRegister.py:49]
2019-05-21 09:18:12,237-INFO-test_userRegister-日I信息:魅氲凳牵{'verify_code':'868857','user_id':'test_O23','channel_id':1,'pwd':'765120214','mobile':'','ip':'220.24.235.105'}-[test_userRegister.py:50]
2019-05-21 09:18:12,272-INFO-test_userRegister-日I信息:Y束y：输入空的手机号-[test_userRegister.py:73]
2019-05-21 09:18:12,273-INFO-test_userRegister-日I信息:_始y：输入空的ip地址-[test_userRegister.py:34]
2019-05-21 09:18:12,320-INFO-test_userRegister-日I信息:用例y的Y果是：IP地址错误-[test_userRegister.py:48]
2019-05-21 09:18:12,320-INFO-test_userRegister-日I信息:Excel里期望的Y果：IP地址错误-[test_userRegister.py:49]
2019-05-21 09:18:12,320-INFO-test_userRegister-日I信息:魅氲凳牵{'verify_code':'868857','user_id':'test_O24','channel_id':1,'pwd':'765120214','mobile':'18245039762','ip':''}-[test_userRegister.py:50]
2019-05-21 09:18:12,354-INFO-test_userRegister-日I信息:Y束y：输入空的ip地址-[test_userRegister.py:73]
2019-05-21 09:18:12,354-INFO-test_userRegister-日I信息:测试后置处理！-[test_userRegister.py:77]
2019-05-21 09:18:12,354-INFO-test_verifiedUserAuth-日I信息:准备测试前置！-[test_verifiedUserAuth.py:26]
2019-05-21 09:18:12,355-INFO-test_verifiedUserAuth-日I信息:_始y：@取Ca-[test_verifiedUserAuth.py:33]
2019-05-21 09:18:12,504-INFO-test_verifiedUserAuth-日I信息:用例y的Y果是：ok-[test_verifiedUserAuth.py:47]
2019-05-21 09:18:12,504-INFO-test_verifiedUserAuth-日I信息:Excel里期望的Y果：ok-[test_verifiedUserAuth.py:48]
2019-05-21 09:18:12,504-INFO-test_verifiedUserAuth-日I信息:魅氲凳牵{'client_ip':'220.24.235.105','tmpl_id':1,'mobile':'18285122546'}-[test_verifiedUserAuth.py:49]
2019-05-21 09:18:12,543-ERROR-test_verifiedUserAuth-日I信息:箦e了,z查sql是否有`！Cursor closed-[test_verifiedUserAuth.py:70]
2019-05-21 09:18:12,544-INFO-test_verifiedUserAuth-日I信息:_始y：输入正确短信验证码-[test_verifiedUserAuth.py:33]
2019-05-21 09:18:12,664-INFO-test_verifiedUserAuth-日I信息:用例y的Y果是：验证码错误-[test_verifiedUserAuth.py:47]
2019-05-21 09:18:12,664-INFO-test_verifiedUserAuth-日I信息:Excel里期望的Y果：ok-[test_verifiedUserAuth.py:48]
2019-05-21 09:18:12,664-INFO-test_verifiedUserAuth-日I信息:魅氲凳牵{'verify_code':'868857','user_id':'test_O24','channel_id':1,'pwd':'765120214','mobile':'18285122546','ip':'220.24.235.105'}-[test_verifiedUserAuth.py:49]
2019-05-21 09:18:12,704-ERROR-test_verifiedUserAuth-日I信息:出错了！'ok' != '验证码错误'
- ok
+ 验证码错误
-[test_verifiedUserAuth.py:57]
2019-05-21 09:18:12,705-INFO-test_verifiedUserAuth-日I信息:_始y：用Uid榭-[test_verifiedUserAuth.py:33]
2019-05-21 09:18:12,742-INFO-test_verifiedUserAuth-日I信息:用例y的Y果是：Unmarshalling Error: For input string: "" -[test_verifiedUserAuth.py:47]
2019-05-21 09:18:12,742-INFO-test_verifiedUserAuth-日I信息:Excel里期望的Y果：用户Uid错误-[test_verifiedUserAuth.py:48]
2019-05-21 09:18:12,742-INFO-test_verifiedUserAuth-日I信息:魅氲凳牵{'uid':'','true_name':'海明威','cre_id':'310004198607172015'}-[test_verifiedUserAuth.py:49]
2019-05-21 09:18:12,776-ERROR-test_verifiedUserAuth-日I信息:出错了！'用户Uid错误' != 'Unmarshalling Error: For input string: "" '
- 用户Uid错误
+ Unmarshalling Error: For input string: "" 
-[test_verifiedUserAuth.py:57]
2019-05-21 09:18:12,777-INFO-test_verifiedUserAuth-日I信息:_始y：用Uid格式e`-[test_verifiedUserAuth.py:33]
2019-05-21 09:18:12,846-INFO-test_verifiedUserAuth-日I信息:用例y的Y果是：Unmarshalling Error: For input string: "nihao" -[test_verifiedUserAuth.py:47]
2019-05-21 09:18:12,846-INFO-test_verifiedUserAuth-日I信息:Excel里期望的Y果：用户Uid错误-[test_verifiedUserAuth.py:48]
2019-05-21 09:18:12,846-INFO-test_verifiedUserAuth-日I信息:魅氲凳牵{'uid':'nihao','true_name':'海明威','cre_id':'310004198607172015'}-[test_verifiedUserAuth.py:49]
2019-05-21 09:18:12,886-ERROR-test_verifiedUserAuth-日I信息:出错了！'用户Uid错误' != 'Unmarshalling Error: For input string: "nihao" '
- 用户Uid错误
+ Unmarshalling Error: For input string: "nihao" 
-[test_verifiedUserAuth.py:57]
2019-05-21 09:18:12,887-INFO-test_verifiedUserAuth-日I信息:_始y：用Uid位涤姓`-[test_verifiedUserAuth.py:33]
2019-05-21 09:18:12,887-INFO-test_verifiedUserAuth-日I信息:_始y：真姓名榭-[test_verifiedUserAuth.py:33]
2019-05-21 09:18:12,932-INFO-test_verifiedUserAuth-日I信息:用例y的Y果是：真实姓名错误-[test_verifiedUserAuth.py:47]
2019-05-21 09:18:12,933-INFO-test_verifiedUserAuth-日I信息:Excel里期望的Y果：真实姓名错误-[test_verifiedUserAuth.py:48]
2019-05-21 09:18:12,933-INFO-test_verifiedUserAuth-日I信息:魅氲凳牵{'uid':'100011231','true_name':'','cre_id':'310004198607172015'}-[test_verifiedUserAuth.py:49]
2019-05-21 09:18:12,971-INFO-test_verifiedUserAuth-日I信息:Y束y：真姓名榭-[test_verifiedUserAuth.py:72]
2019-05-21 09:18:12,971-INFO-test_verifiedUserAuth-日I信息:_始y：身份C榭-[test_verifiedUserAuth.py:33]
2019-05-21 09:18:13,014-INFO-test_verifiedUserAuth-日I信息:用例y的Y果是：身份证号错误-[test_verifiedUserAuth.py:47]
2019-05-21 09:18:13,014-INFO-test_verifiedUserAuth-日I信息:Excel里期望的Y果：身份证号错误-[test_verifiedUserAuth.py:48]
2019-05-21 09:18:13,014-INFO-test_verifiedUserAuth-日I信息:魅氲凳牵{'uid':'100011231','true_name':'海明威','cre_id':''}-[test_verifiedUserAuth.py:49]
2019-05-21 09:18:13,047-INFO-test_verifiedUserAuth-日I信息:Y束y：身份C榭-[test_verifiedUserAuth.py:72]
2019-05-21 09:18:13,048-INFO-test_verifiedUserAuth-日I信息:_始y：身份C格式e`-[test_verifiedUserAuth.py:33]
2019-05-21 09:18:13,098-INFO-test_verifiedUserAuth-日I信息:用例y的Y果是：身份证号错误-[test_verifiedUserAuth.py:47]
2019-05-21 09:18:13,098-INFO-test_verifiedUserAuth-日I信息:Excel里期望的Y果：身份证号错误-[test_verifiedUserAuth.py:48]
2019-05-21 09:18:13,098-INFO-test_verifiedUserAuth-日I信息:魅氲凳牵{'uid':'100011231','true_name':'海明威','cre_id':'nihao'}-[test_verifiedUserAuth.py:49]
2019-05-21 09:18:13,135-INFO-test_verifiedUserAuth-日I信息:Y束y：身份C格式e`-[test_verifiedUserAuth.py:72]
2019-05-21 09:18:13,136-INFO-test_verifiedUserAuth-日I信息:_始y：身份C位涤姓`-[test_verifiedUserAuth.py:33]
2019-05-21 09:18:13,188-INFO-test_verifiedUserAuth-日I信息:用例y的Y果是：身份证号错误-[test_verifiedUserAuth.py:47]
2019-05-21 09:18:13,188-INFO-test_verifiedUserAuth-日I信息:Excel里期望的Y果：身份证号错误-[test_verifiedUserAuth.py:48]
2019-05-21 09:18:13,188-INFO-test_verifiedUserAuth-日I信息:魅氲凳牵{'uid':'100011231','true_name':'海明威','cre_id':'46003319931008'}-[test_verifiedUserAuth.py:49]
2019-05-21 09:18:13,222-INFO-test_verifiedUserAuth-日I信息:Y束y：身份C位涤姓`-[test_verifiedUserAuth.py:72]
2019-05-21 09:18:13,223-INFO-test_verifiedUserAuth-日I信息:_始y：嫡_-[test_verifiedUserAuth.py:33]
2019-05-21 09:18:13,223-INFO-test_verifiedUserAuth-日I信息:测试后置处理！-[test_verifiedUserAuth.py:76]
2019-05-21 13:05:28,889-INFO-test_bindBankCard-日I信息:准备测试前置！-[test_bindBankCard.py:26]
2019-05-21 13:05:28,990-INFO-test_bindBankCard-日I信息:_始y：成功@取Ca-[test_bindBankCard.py:33]
2019-05-21 13:05:30,624-INFO-API2.common.do_http-日I信息:魅氲url是：http://120.24.235.105:9010/sms-service-war-1.0/ws/smsFacade.ws?wsdl-[do_http.py:15]
2019-05-21 13:05:30,778-INFO-test_bindBankCard-日I信息:用例y的Y果是：ok-[test_bindBankCard.py:43]
2019-05-21 13:05:30,779-INFO-test_bindBankCard-日I信息:Excel里期望的Y果：ok-[test_bindBankCard.py:44]
2019-05-21 13:05:30,781-INFO-test_bindBankCard-日I信息:魅氲凳牵{'client_ip':'220.24.235.105','tmpl_id':1,'mobile':'18290552133'}-[test_bindBankCard.py:45]
2019-05-21 13:05:30,885-INFO-test_bindBankCard-日I信息:Y束y：成功@取Ca-[test_bindBankCard.py:73]
2019-05-21 13:05:30,890-INFO-test_bindBankCard-日I信息:_始y：成功]-[test_bindBankCard.py:33]
2019-05-21 13:05:32,327-INFO-API2.common.do_http-日I信息:魅氲url是：http://120.24.235.105:9010/finance-user_info-war-1.0/ws/financeUserInfoFacade.ws?wsdl-[do_http.py:15]
2019-05-21 13:05:32,372-INFO-test_bindBankCard-日I信息:用例y的Y果是：该用户已存在-[test_bindBankCard.py:43]
2019-05-21 13:05:32,373-INFO-test_bindBankCard-日I信息:Excel里期望的Y果：ok-[test_bindBankCard.py:44]
2019-05-21 13:05:32,383-INFO-test_bindBankCard-日I信息:魅氲凳牵{'verify_code':'165858','user_id':'test_o9','channel_id':1,'pwd':'765120214','mobile':'18290552133','ip':'220.24.235.105'}-[test_bindBankCard.py:45]
2019-05-21 13:05:32,452-ERROR-test_bindBankCard-日I信息:出错了！'ok' != '该用户已存在'
- ok
+ 该用户已存在
-[test_bindBankCard.py:53]
2019-05-21 13:05:32,507-INFO-test_bindBankCard-日I信息:_始y：成功JC-[test_bindBankCard.py:33]
2019-05-21 13:05:32,542-INFO-API2.common.do_http-日I信息:魅氲url是：http://120.24.235.105:9010/finance-user_info-war-1.0/ws/financeUserInfoFacade.ws?wsdl-[do_http.py:15]
2019-05-21 13:05:32,559-INFO-test_bindBankCard-日I信息:用例y的Y果是：Unmarshalling Error: For input string: "None" -[test_bindBankCard.py:43]
2019-05-21 13:05:32,559-INFO-test_bindBankCard-日I信息:Excel里期望的Y果：ok-[test_bindBankCard.py:44]
2019-05-21 13:05:32,561-INFO-test_bindBankCard-日I信息:魅氲凳牵{'uid':'None','true_name':'海明威','cre_id':'360006196312131841'}-[test_bindBankCard.py:45]
2019-05-21 13:05:32,598-ERROR-test_bindBankCard-日I信息:出错了！'ok' != 'Unmarshalling Error: For input string: "None" '
- ok
+ Unmarshalling Error: For input string: "None" 
-[test_bindBankCard.py:53]
2019-05-21 13:05:32,603-INFO-test_bindBankCard-日I信息:_始y：定y行卡-[test_bindBankCard.py:33]
2019-05-21 13:05:32,623-INFO-API2.common.do_http-日I信息:魅氲url是：http://120.24.235.105:9010/finance-user_info-war-1.0/ws/financeUserInfoFacade.ws?wsdl-[do_http.py:15]
2019-05-21 13:05:32,626-INFO-test_bindBankCard-日I信息:测试后置处理！-[test_bindBankCard.py:77]
2019-05-21 13:05:32,629-INFO-test_sendMCode-日I信息:准备测试前置！-[test_sendMCode.py:22]
2019-05-21 13:05:32,631-INFO-test_sendMCode-日I信息:_始y：手机号码合理-[test_sendMCode.py:29]
2019-05-21 13:05:32,674-INFO-test_sendMCode-日I信息:_始y：手机号码为空-[test_sendMCode.py:29]
2019-05-21 13:05:32,683-INFO-API2.common.do_http-日I信息:魅氲url是：http://120.24.235.105:9010/sms-service-war-1.0/ws/smsFacade.ws?wsdl-[do_http.py:15]
2019-05-21 13:05:32,702-INFO-test_sendMCode-日I信息:用例y的Y果是：手机号码错误-[test_sendMCode.py:39]
2019-05-21 13:05:32,703-INFO-test_sendMCode-日I信息:Excel里期望的Y果：手机号码错误-[test_sendMCode.py:40]
2019-05-21 13:05:32,705-INFO-test_sendMCode-日I信息:魅氲凳牵{'client_ip':'220.24.235.105','tmpl_id':1,'mobile':''}-[test_sendMCode.py:41]
2019-05-21 13:05:32,741-INFO-test_sendMCode-日I信息:Y束y：手机号码为空-[test_sendMCode.py:59]
2019-05-21 13:05:32,743-INFO-test_sendMCode-日I信息:_始y：手机号码格式不正确-[test_sendMCode.py:29]
2019-05-21 13:05:32,752-INFO-API2.common.do_http-日I信息:魅氲url是：http://120.24.235.105:9010/sms-service-war-1.0/ws/smsFacade.ws?wsdl-[do_http.py:15]
2019-05-21 13:05:32,774-INFO-test_sendMCode-日I信息:用例y的Y果是：手机号码错误-[test_sendMCode.py:39]
2019-05-21 13:05:32,774-INFO-test_sendMCode-日I信息:Excel里期望的Y果：手机号码错误-[test_sendMCode.py:40]
2019-05-21 13:05:32,777-INFO-test_sendMCode-日I信息:魅氲凳牵{'client_ip':'220.24.235.105','tmpl_id':1,'mobile':'nihao'}-[test_sendMCode.py:41]
2019-05-21 13:05:32,814-INFO-test_sendMCode-日I信息:Y束y：手机号码格式不正确-[test_sendMCode.py:59]
2019-05-21 13:05:32,818-INFO-test_sendMCode-日I信息:_始y：手机号码位数不正确-[test_sendMCode.py:29]
2019-05-21 13:05:32,826-INFO-API2.common.do_http-日I信息:魅氲url是：http://120.24.235.105:9010/sms-service-war-1.0/ws/smsFacade.ws?wsdl-[do_http.py:15]
2019-05-21 13:05:32,846-INFO-test_sendMCode-日I信息:用例y的Y果是：手机号码错误-[test_sendMCode.py:39]
2019-05-21 13:05:32,847-INFO-test_sendMCode-日I信息:Excel里期望的Y果：手机号码错误-[test_sendMCode.py:40]
2019-05-21 13:05:32,849-INFO-test_sendMCode-日I信息:魅氲凳牵{'client_ip':'220.24.235.105','tmpl_id':1,'mobile':'1821881316'}-[test_sendMCode.py:41]
2019-05-21 13:05:32,885-INFO-test_sendMCode-日I信息:Y束y：手机号码位数不正确-[test_sendMCode.py:59]
2019-05-21 13:05:32,887-INFO-test_sendMCode-日I信息:测试后置处理！-[test_sendMCode.py:64]
2019-05-21 13:05:32,901-INFO-test_userRegister-日I信息:准备测试前置！-[test_userRegister.py:27]
2019-05-21 13:05:32,904-INFO-test_userRegister-日I信息:_始y：@取Ca-[test_userRegister.py:34]
2019-05-21 13:05:32,912-INFO-API2.common.do_http-日I信息:魅氲url是：http://120.24.235.105:9010/sms-service-war-1.0/ws/smsFacade.ws?wsdl-[do_http.py:15]
2019-05-21 13:05:33,212-INFO-test_userRegister-日I信息:用例y的Y果是：ok-[test_userRegister.py:48]
2019-05-21 13:05:33,213-INFO-test_userRegister-日I信息:Excel里期望的Y果：ok-[test_userRegister.py:49]
2019-05-21 13:05:33,215-INFO-test_userRegister-日I信息:魅氲凳牵{'client_ip':'220.24.235.105','tmpl_id':1,'mobile':'18260586952'}-[test_userRegister.py:50]
2019-05-21 13:05:33,305-ERROR-test_userRegister-日I信息:箦e了,z查sql是否有`！Cursor closed-[test_userRegister.py:71]
2019-05-21 13:05:33,335-INFO-test_userRegister-日I信息:_始y：输入正确短信验证码-[test_userRegister.py:34]
2019-05-21 13:05:33,341-INFO-test_userRegister-日I信息:_始y：输入重}的用裘-[test_userRegister.py:34]
2019-05-21 13:05:33,364-INFO-API2.common.do_http-日I信息:魅氲url是：http://120.24.235.105:9010/finance-user_info-war-1.0/ws/financeUserInfoFacade.ws?wsdl-[do_http.py:15]
2019-05-21 13:05:33,467-INFO-test_userRegister-日I信息:用例y的Y果是：验证码错误-[test_userRegister.py:48]
2019-05-21 13:05:33,467-INFO-test_userRegister-日I信息:Excel里期望的Y果：该用户已存在-[test_userRegister.py:49]
2019-05-21 13:05:33,470-INFO-test_userRegister-日I信息:魅氲凳牵{'verify_code':'165858','user_id':'test_o11','channel_id':1,'pwd':'765120214','mobile':'18260586952','ip':'220.24.235.105'}-[test_userRegister.py:50]
2019-05-21 13:05:33,510-ERROR-test_userRegister-日I信息:出错了！'该用户已存在' != '验证码错误'
- 该用户已存在
+ 验证码错误
-[test_userRegister.py:57]
2019-05-21 13:05:33,516-INFO-test_userRegister-日I信息:_始y：输入格式错误短信验证码-[test_userRegister.py:34]
2019-05-21 13:05:33,537-INFO-API2.common.do_http-日I信息:魅氲url是：http://120.24.235.105:9010/finance-user_info-war-1.0/ws/financeUserInfoFacade.ws?wsdl-[do_http.py:15]
2019-05-21 13:05:33,649-INFO-test_userRegister-日I信息:用例y的Y果是：验证码错误-[test_userRegister.py:48]
2019-05-21 13:05:33,650-INFO-test_userRegister-日I信息:Excel里期望的Y果：验证码错误-[test_userRegister.py:49]
2019-05-21 13:05:33,657-INFO-test_userRegister-日I信息:魅氲凳牵{'verify_code':'niaho','user_id':'test_o12','channel_id':1,'pwd':'765120214','mobile':'18260586952','ip':'220.24.235.105'}-[test_userRegister.py:50]
2019-05-21 13:05:33,711-INFO-test_userRegister-日I信息:Y束y：输入格式错误短信验证码-[test_userRegister.py:73]
2019-05-21 13:05:33,714-INFO-test_userRegister-日I信息:_始y：输入位数错误短信验证码-[test_userRegister.py:34]
2019-05-21 13:05:33,734-INFO-API2.common.do_http-日I信息:魅氲url是：http://120.24.235.105:9010/finance-user_info-war-1.0/ws/financeUserInfoFacade.ws?wsdl-[do_http.py:15]
2019-05-21 13:05:33,834-INFO-test_userRegister-日I信息:用例y的Y果是：验证码错误-[test_userRegister.py:48]
2019-05-21 13:05:33,834-INFO-test_userRegister-日I信息:Excel里期望的Y果：验证码错误-[test_userRegister.py:49]
2019-05-21 13:05:33,837-INFO-test_userRegister-日I信息:魅氲凳牵{'verify_code':'1','user_id':'test_o13','channel_id':1,'pwd':'765120214','mobile':'18260586952','ip':'220.24.235.105'}-[test_userRegister.py:50]
2019-05-21 13:05:33,872-INFO-test_userRegister-日I信息:Y束y：输入位数错误短信验证码-[test_userRegister.py:73]
2019-05-21 13:05:33,876-INFO-test_userRegister-日I信息:_始y：输入空的短信验证码-[test_userRegister.py:34]
2019-05-21 13:05:33,898-INFO-API2.common.do_http-日I信息:魅氲url是：http://120.24.235.105:9010/finance-user_info-war-1.0/ws/financeUserInfoFacade.ws?wsdl-[do_http.py:15]
2019-05-21 13:05:33,943-INFO-test_userRegister-日I信息:用例y的Y果是：验证码错误-[test_userRegister.py:48]
2019-05-21 13:05:33,943-INFO-test_userRegister-日I信息:Excel里期望的Y果：验证码错误-[test_userRegister.py:49]
2019-05-21 13:05:33,946-INFO-test_userRegister-日I信息:魅氲凳牵{'verify_code':'','user_id':'test_o14','channel_id':1,'pwd':'765120214','mobile':'18260586952','ip':'220.24.235.1050'}-[test_userRegister.py:50]
2019-05-21 13:05:33,982-INFO-test_userRegister-日I信息:Y束y：输入空的短信验证码-[test_userRegister.py:73]
2019-05-21 13:05:33,987-INFO-test_userRegister-日I信息:_始y：输入空的注册名-[test_userRegister.py:34]
2019-05-21 13:05:34,008-INFO-API2.common.do_http-日I信息:魅氲url是：http://120.24.235.105:9010/finance-user_info-war-1.0/ws/financeUserInfoFacade.ws?wsdl-[do_http.py:15]
2019-05-21 13:05:34,043-INFO-test_userRegister-日I信息:用例y的Y果是：用户名错误-[test_userRegister.py:48]
2019-05-21 13:05:34,044-INFO-test_userRegister-日I信息:Excel里期望的Y果：用户名错误-[test_userRegister.py:49]
2019-05-21 13:05:34,048-INFO-test_userRegister-日I信息:魅氲凳牵{'verify_code':'165858','user_id':'','channel_id':1,'pwd':'765120214','mobile':'18260586952','ip':'220.24.235.105'}-[test_userRegister.py:50]
2019-05-21 13:05:34,084-INFO-test_userRegister-日I信息:Y束y：输入空的注册名-[test_userRegister.py:73]
2019-05-21 13:05:34,089-INFO-test_userRegister-日I信息:_始y：输入空的渠道信息-[test_userRegister.py:34]
2019-05-21 13:05:34,110-INFO-API2.common.do_http-日I信息:魅氲url是：http://120.24.235.105:9010/finance-user_info-war-1.0/ws/financeUserInfoFacade.ws?wsdl-[do_http.py:15]
2019-05-21 13:05:34,140-INFO-test_userRegister-日I信息:用例y的Y果是：渠道信息错误-[test_userRegister.py:48]
2019-05-21 13:05:34,140-INFO-test_userRegister-日I信息:Excel里期望的Y果：渠道信息错误-[test_userRegister.py:49]
2019-05-21 13:05:34,143-INFO-test_userRegister-日I信息:魅氲凳牵{'verify_code':'165858','user_id':'test_o16','channel_id':'','pwd':'765120214','mobile':'18260586952','ip':'220.24.235.105'}-[test_userRegister.py:50]
2019-05-21 13:05:34,181-INFO-test_userRegister-日I信息:Y束y：输入空的渠道信息-[test_userRegister.py:73]
2019-05-21 13:05:34,185-INFO-test_userRegister-日I信息:_始y：输入格式有误的渠道信息-[test_userRegister.py:34]
2019-05-21 13:05:34,205-INFO-API2.common.do_http-日I信息:魅氲url是：http://120.24.235.105:9010/finance-user_info-war-1.0/ws/financeUserInfoFacade.ws?wsdl-[do_http.py:15]
2019-05-21 13:05:34,244-INFO-test_userRegister-日I信息:用例y的Y果是：渠道信息错误-[test_userRegister.py:48]
2019-05-21 13:05:34,244-INFO-test_userRegister-日I信息:Excel里期望的Y果：渠道信息错误-[test_userRegister.py:49]
2019-05-21 13:05:34,247-INFO-test_userRegister-日I信息:魅氲凳牵{'verify_code':'165858','user_id':'test_o17','channel_id':'nihao','pwd':'765120214','mobile':'18260586952','ip':'220.24.235.105'}-[test_userRegister.py:50]
2019-05-21 13:05:34,283-INFO-test_userRegister-日I信息:Y束y：输入格式有误的渠道信息-[test_userRegister.py:73]
2019-05-21 13:05:34,287-INFO-test_userRegister-日I信息:_始y：输入非规定渠道信息-[test_userRegister.py:34]
2019-05-21 13:05:34,343-INFO-API2.common.do_http-日I信息:魅氲url是：http://120.24.235.105:9010/finance-user_info-war-1.0/ws/financeUserInfoFacade.ws?wsdl-[do_http.py:15]
2019-05-21 13:05:34,386-INFO-test_userRegister-日I信息:用例y的Y果是：渠道信息错误-[test_userRegister.py:48]
2019-05-21 13:05:34,386-INFO-test_userRegister-日I信息:Excel里期望的Y果：渠道信息错误-[test_userRegister.py:49]
2019-05-21 13:05:34,388-INFO-test_userRegister-日I信息:魅氲凳牵{'verify_code':'165858','user_id':'test_o18','channel_id':4,'pwd':'765120214','mobile':'18260586952','ip':'220.24.235.105'}-[test_userRegister.py:50]
2019-05-21 13:05:34,426-INFO-test_userRegister-日I信息:Y束y：输入非规定渠道信息-[test_userRegister.py:73]
2019-05-21 13:05:34,430-INFO-test_userRegister-日I信息:_始y：输入空的登录密码-[test_userRegister.py:34]
2019-05-21 13:05:34,452-INFO-API2.common.do_http-日I信息:魅氲url是：http://120.24.235.105:9010/finance-user_info-war-1.0/ws/financeUserInfoFacade.ws?wsdl-[do_http.py:15]
2019-05-21 13:05:34,478-INFO-test_userRegister-日I信息:用例y的Y果是：用户UID错误-[test_userRegister.py:48]
2019-05-21 13:05:34,478-INFO-test_userRegister-日I信息:Excel里期望的Y果：用户UID错误-[test_userRegister.py:49]
2019-05-21 13:05:34,482-INFO-test_userRegister-日I信息:魅氲凳牵{'verify_code':'165858','user_id':'test_o19','channel_id':1,'pwd':'','mobile':'18260586952','ip':'220.24.235.105'}-[test_userRegister.py:50]
2019-05-21 13:05:34,520-INFO-test_userRegister-日I信息:Y束y：输入空的登录密码-[test_userRegister.py:73]
2019-05-21 13:05:34,527-INFO-test_userRegister-日I信息:_始y：输入不同手机号-[test_userRegister.py:34]
2019-05-21 13:05:34,549-INFO-API2.common.do_http-日I信息:魅氲url是：http://120.24.235.105:9010/finance-user_info-war-1.0/ws/financeUserInfoFacade.ws?wsdl-[do_http.py:15]
2019-05-21 13:05:34,615-INFO-test_userRegister-日I信息:用例y的Y果是：短信验证码已丢失-[test_userRegister.py:48]
2019-05-21 13:05:34,615-INFO-test_userRegister-日I信息:Excel里期望的Y果：短信验证码已丢失-[test_userRegister.py:49]
2019-05-21 13:05:34,618-INFO-test_userRegister-日I信息:魅氲凳牵{'verify_code':'165858','user_id':'test_o20','channel_id':1,'pwd':'765120214','mobile':'18218813630','ip':'220.24.235.105'}-[test_userRegister.py:50]
2019-05-21 13:05:34,653-INFO-test_userRegister-日I信息:Y束y：输入不同手机号-[test_userRegister.py:73]
2019-05-21 13:05:34,657-INFO-test_userRegister-日I信息:_始y：输入格式错误的手机号-[test_userRegister.py:34]
2019-05-21 13:05:34,678-INFO-API2.common.do_http-日I信息:魅氲url是：http://120.24.235.105:9010/finance-user_info-war-1.0/ws/financeUserInfoFacade.ws?wsdl-[do_http.py:15]
2019-05-21 13:05:34,722-INFO-test_userRegister-日I信息:用例y的Y果是：手机号错误-[test_userRegister.py:48]
2019-05-21 13:05:34,723-INFO-test_userRegister-日I信息:Excel里期望的Y果：手机号错误-[test_userRegister.py:49]
2019-05-21 13:05:34,725-INFO-test_userRegister-日I信息:魅氲凳牵{'verify_code':'165858','user_id':'test_o21','channel_id':1,'pwd':'765120214','mobile':'nihao','ip':'220.24.235.105'}-[test_userRegister.py:50]
2019-05-21 13:05:34,769-INFO-test_userRegister-日I信息:Y束y：输入格式错误的手机号-[test_userRegister.py:73]
2019-05-21 13:05:34,781-INFO-test_userRegister-日I信息:_始y：输入位数有误的手机号-[test_userRegister.py:34]
2019-05-21 13:05:34,815-INFO-API2.common.do_http-日I信息:魅氲url是：http://120.24.235.105:9010/finance-user_info-war-1.0/ws/financeUserInfoFacade.ws?wsdl-[do_http.py:15]
2019-05-21 13:05:34,851-INFO-test_userRegister-日I信息:用例y的Y果是：手机号错误-[test_userRegister.py:48]
2019-05-21 13:05:34,852-INFO-test_userRegister-日I信息:Excel里期望的Y果：手机号错误-[test_userRegister.py:49]
2019-05-21 13:05:34,855-INFO-test_userRegister-日I信息:魅氲凳牵{'verify_code':'165858','user_id':'test_o22','channel_id':1,'pwd':'765120214','mobile':'1821881316','ip':'220.24.235.105'}-[test_userRegister.py:50]
2019-05-21 13:05:34,901-INFO-test_userRegister-日I信息:Y束y：输入位数有误的手机号-[test_userRegister.py:73]
2019-05-21 13:05:34,906-INFO-test_userRegister-日I信息:_始y：输入空的手机号-[test_userRegister.py:34]
2019-05-21 13:05:34,937-INFO-API2.common.do_http-日I信息:魅氲url是：http://120.24.235.105:9010/finance-user_info-war-1.0/ws/financeUserInfoFacade.ws?wsdl-[do_http.py:15]
2019-05-21 13:05:34,964-INFO-test_userRegister-日I信息:用例y的Y果是：手机号错误-[test_userRegister.py:48]
2019-05-21 13:05:34,964-INFO-test_userRegister-日I信息:Excel里期望的Y果：手机号错误-[test_userRegister.py:49]
2019-05-21 13:05:34,967-INFO-test_userRegister-日I信息:魅氲凳牵{'verify_code':'165858','user_id':'test_o23','channel_id':1,'pwd':'765120214','mobile':'','ip':'220.24.235.105'}-[test_userRegister.py:50]
2019-05-21 13:05:35,013-INFO-test_userRegister-日I信息:Y束y：输入空的手机号-[test_userRegister.py:73]
2019-05-21 13:05:35,018-INFO-test_userRegister-日I信息:_始y：输入空的ip地址-[test_userRegister.py:34]
2019-05-21 13:05:35,040-INFO-API2.common.do_http-日I信息:魅氲url是：http://120.24.235.105:9010/finance-user_info-war-1.0/ws/financeUserInfoFacade.ws?wsdl-[do_http.py:15]
2019-05-21 13:05:35,076-INFO-test_userRegister-日I信息:用例y的Y果是：IP地址错误-[test_userRegister.py:48]
2019-05-21 13:05:35,077-INFO-test_userRegister-日I信息:Excel里期望的Y果：IP地址错误-[test_userRegister.py:49]
2019-05-21 13:05:35,085-INFO-test_userRegister-日I信息:魅氲凳牵{'verify_code':'165858','user_id':'test_o24','channel_id':1,'pwd':'765120214','mobile':'18260586952','ip':''}-[test_userRegister.py:50]
2019-05-21 13:05:35,152-INFO-test_userRegister-日I信息:Y束y：输入空的ip地址-[test_userRegister.py:73]
2019-05-21 13:05:35,154-INFO-test_userRegister-日I信息:测试后置处理！-[test_userRegister.py:77]
2019-05-21 13:05:35,156-INFO-test_verifiedUserAuth-日I信息:准备测试前置！-[test_verifiedUserAuth.py:26]
2019-05-21 13:05:35,159-INFO-test_verifiedUserAuth-日I信息:_始y：@取Ca-[test_verifiedUserAuth.py:33]
2019-05-21 13:05:35,168-INFO-API2.common.do_http-日I信息:魅氲url是：http://120.24.235.105:9010/sms-service-war-1.0/ws/smsFacade.ws?wsdl-[do_http.py:15]
2019-05-21 13:05:35,306-INFO-test_verifiedUserAuth-日I信息:用例y的Y果是：ok-[test_verifiedUserAuth.py:47]
2019-05-21 13:05:35,307-INFO-test_verifiedUserAuth-日I信息:Excel里期望的Y果：ok-[test_verifiedUserAuth.py:48]
2019-05-21 13:05:35,317-INFO-test_verifiedUserAuth-日I信息:魅氲凳牵{'client_ip':'220.24.235.105','tmpl_id':1,'mobile':'18239291604'}-[test_verifiedUserAuth.py:49]
2019-05-21 13:05:35,391-ERROR-test_verifiedUserAuth-日I信息:箦e了,z查sql是否有`！Cursor closed-[test_verifiedUserAuth.py:70]
2019-05-21 13:05:35,443-INFO-test_verifiedUserAuth-日I信息:_始y：输入正确短信验证码-[test_verifiedUserAuth.py:33]
2019-05-21 13:05:35,465-INFO-API2.common.do_http-日I信息:魅氲url是：http://120.24.235.105:9010/finance-user_info-war-1.0/ws/financeUserInfoFacade.ws?wsdl-[do_http.py:15]
2019-05-21 13:05:35,561-INFO-test_verifiedUserAuth-日I信息:用例y的Y果是：验证码错误-[test_verifiedUserAuth.py:47]
2019-05-21 13:05:35,562-INFO-test_verifiedUserAuth-日I信息:Excel里期望的Y果：ok-[test_verifiedUserAuth.py:48]
2019-05-21 13:05:35,566-INFO-test_verifiedUserAuth-日I信息:魅氲凳牵{'verify_code':'165858','user_id':'test_o24','channel_id':1,'pwd':'765120214','mobile':'18239291604','ip':'220.24.235.105'}-[test_verifiedUserAuth.py:49]
2019-05-21 13:05:35,612-ERROR-test_verifiedUserAuth-日I信息:出错了！'ok' != '验证码错误'
- ok
+ 验证码错误
-[test_verifiedUserAuth.py:57]
2019-05-21 13:05:35,619-INFO-test_verifiedUserAuth-日I信息:_始y：用Uid榭-[test_verifiedUserAuth.py:33]
2019-05-21 13:05:35,640-INFO-API2.common.do_http-日I信息:魅氲url是：http://120.24.235.105:9010/finance-user_info-war-1.0/ws/financeUserInfoFacade.ws?wsdl-[do_http.py:15]
2019-05-21 13:05:35,660-INFO-test_verifiedUserAuth-日I信息:用例y的Y果是：Unmarshalling Error: For input string: "" -[test_verifiedUserAuth.py:47]
2019-05-21 13:05:35,661-INFO-test_verifiedUserAuth-日I信息:Excel里期望的Y果：用户Uid错误-[test_verifiedUserAuth.py:48]
2019-05-21 13:05:35,664-INFO-test_verifiedUserAuth-日I信息:魅氲凳牵{'uid':'','true_name':'海明威','cre_id':'360006196312131841'}-[test_verifiedUserAuth.py:49]
2019-05-21 13:05:35,700-ERROR-test_verifiedUserAuth-日I信息:出错了！'用户Uid错误' != 'Unmarshalling Error: For input string: "" '
- 用户Uid错误
+ Unmarshalling Error: For input string: "" 
-[test_verifiedUserAuth.py:57]
2019-05-21 13:05:35,705-INFO-test_verifiedUserAuth-日I信息:_始y：用Uid格式e`-[test_verifiedUserAuth.py:33]
2019-05-21 13:05:35,762-INFO-API2.common.do_http-日I信息:魅氲url是：http://120.24.235.105:9010/finance-user_info-war-1.0/ws/financeUserInfoFacade.ws?wsdl-[do_http.py:15]
2019-05-21 13:05:35,784-INFO-test_verifiedUserAuth-日I信息:用例y的Y果是：Unmarshalling Error: For input string: "nihao" -[test_verifiedUserAuth.py:47]
2019-05-21 13:05:35,785-INFO-test_verifiedUserAuth-日I信息:Excel里期望的Y果：用户Uid错误-[test_verifiedUserAuth.py:48]
2019-05-21 13:05:35,787-INFO-test_verifiedUserAuth-日I信息:魅氲凳牵{'uid':'nihao','true_name':'海明威','cre_id':'360006196312131841'}-[test_verifiedUserAuth.py:49]
2019-05-21 13:05:35,824-ERROR-test_verifiedUserAuth-日I信息:出错了！'用户Uid错误' != 'Unmarshalling Error: For input string: "nihao" '
- 用户Uid错误
+ Unmarshalling Error: For input string: "nihao" 
-[test_verifiedUserAuth.py:57]
2019-05-21 13:05:35,831-INFO-test_verifiedUserAuth-日I信息:_始y：用Uid位涤姓`-[test_verifiedUserAuth.py:33]
2019-05-21 13:05:35,838-INFO-test_verifiedUserAuth-日I信息:_始y：真姓名榭-[test_verifiedUserAuth.py:33]
2019-05-21 13:05:35,863-INFO-API2.common.do_http-日I信息:魅氲url是：http://120.24.235.105:9010/finance-user_info-war-1.0/ws/financeUserInfoFacade.ws?wsdl-[do_http.py:15]
2019-05-21 13:05:35,898-INFO-test_verifiedUserAuth-日I信息:用例y的Y果是：Unmarshalling Error: For input string: "None" -[test_verifiedUserAuth.py:47]
2019-05-21 13:05:35,899-INFO-test_verifiedUserAuth-日I信息:Excel里期望的Y果：真实姓名错误-[test_verifiedUserAuth.py:48]
2019-05-21 13:05:35,902-INFO-test_verifiedUserAuth-日I信息:魅氲凳牵{'uid':'None','true_name':'','cre_id':'360006196312131841'}-[test_verifiedUserAuth.py:49]
2019-05-21 13:05:35,938-ERROR-test_verifiedUserAuth-日I信息:出错了！'真实姓名错误' != 'Unmarshalling Error: For input string: "None" '
- 真实姓名错误
+ Unmarshalling Error: For input string: "None" 
-[test_verifiedUserAuth.py:57]
2019-05-21 13:05:35,944-INFO-test_verifiedUserAuth-日I信息:_始y：身份C榭-[test_verifiedUserAuth.py:33]
2019-05-21 13:05:35,967-INFO-API2.common.do_http-日I信息:魅氲url是：http://120.24.235.105:9010/finance-user_info-war-1.0/ws/financeUserInfoFacade.ws?wsdl-[do_http.py:15]
2019-05-21 13:05:35,985-INFO-test_verifiedUserAuth-日I信息:用例y的Y果是：Unmarshalling Error: For input string: "None" -[test_verifiedUserAuth.py:47]
2019-05-21 13:05:35,985-INFO-test_verifiedUserAuth-日I信息:Excel里期望的Y果：身份证号错误-[test_verifiedUserAuth.py:48]
2019-05-21 13:05:35,988-INFO-test_verifiedUserAuth-日I信息:魅氲凳牵{'uid':'None','true_name':'海明威','cre_id':''}-[test_verifiedUserAuth.py:49]
2019-05-21 13:05:36,036-ERROR-test_verifiedUserAuth-日I信息:出错了！'身份证号错误' != 'Unmarshalling Error: For input string: "None" '
- 身份证号错误
+ Unmarshalling Error: For input string: "None" 
-[test_verifiedUserAuth.py:57]
2019-05-21 13:05:36,042-INFO-test_verifiedUserAuth-日I信息:_始y：身份C格式e`-[test_verifiedUserAuth.py:33]
2019-05-21 13:05:36,064-INFO-API2.common.do_http-日I信息:魅氲url是：http://120.24.235.105:9010/finance-user_info-war-1.0/ws/financeUserInfoFacade.ws?wsdl-[do_http.py:15]
2019-05-21 13:05:36,094-INFO-test_verifiedUserAuth-日I信息:用例y的Y果是：Unmarshalling Error: For input string: "None" -[test_verifiedUserAuth.py:47]
2019-05-21 13:05:36,094-INFO-test_verifiedUserAuth-日I信息:Excel里期望的Y果：身份证号错误-[test_verifiedUserAuth.py:48]
2019-05-21 13:05:36,097-INFO-test_verifiedUserAuth-日I信息:魅氲凳牵{'uid':'None','true_name':'海明威','cre_id':'nihao'}-[test_verifiedUserAuth.py:49]
2019-05-21 13:05:36,138-ERROR-test_verifiedUserAuth-日I信息:出错了！'身份证号错误' != 'Unmarshalling Error: For input string: "None" '
- 身份证号错误
+ Unmarshalling Error: For input string: "None" 
-[test_verifiedUserAuth.py:57]
2019-05-21 13:05:36,143-INFO-test_verifiedUserAuth-日I信息:_始y：身份C位涤姓`-[test_verifiedUserAuth.py:33]
2019-05-21 13:05:36,165-INFO-API2.common.do_http-日I信息:魅氲url是：http://120.24.235.105:9010/finance-user_info-war-1.0/ws/financeUserInfoFacade.ws?wsdl-[do_http.py:15]
2019-05-21 13:05:36,189-INFO-test_verifiedUserAuth-日I信息:用例y的Y果是：Unmarshalling Error: For input string: "None" -[test_verifiedUserAuth.py:47]
2019-05-21 13:05:36,189-INFO-test_verifiedUserAuth-日I信息:Excel里期望的Y果：身份证号错误-[test_verifiedUserAuth.py:48]
2019-05-21 13:05:36,192-INFO-test_verifiedUserAuth-日I信息:魅氲凳牵{'uid':'None','true_name':'海明威','cre_id':'46003319931008'}-[test_verifiedUserAuth.py:49]
2019-05-21 13:05:36,228-ERROR-test_verifiedUserAuth-日I信息:出错了！'身份证号错误' != 'Unmarshalling Error: For input string: "None" '
- 身份证号错误
+ Unmarshalling Error: For input string: "None" 
-[test_verifiedUserAuth.py:57]
2019-05-21 13:05:36,235-INFO-test_verifiedUserAuth-日I信息:_始y：嫡_-[test_verifiedUserAuth.py:33]
2019-05-21 13:05:36,239-INFO-test_verifiedUserAuth-日I信息:测试后置处理！-[test_verifiedUserAuth.py:76]
2019-05-21 13:49:44,856-INFO-test_bindBankCard-日I信息:准备测试前置！-[test_bindBankCard.py:26]
2019-05-21 13:49:44,859-INFO-test_bindBankCard-日I信息:_始y：成功@取Ca-[test_bindBankCard.py:33]
2019-05-21 13:49:44,951-INFO-API2.common.do_http-日I信息:魅氲url是：http://120.24.235.105:9010/sms-service-war-1.0/ws/smsFacade.ws?wsdl-[do_http.py:15]
2019-05-21 13:49:45,140-INFO-test_bindBankCard-日I信息:用例y的Y果是：ok-[test_bindBankCard.py:43]
2019-05-21 13:49:45,141-INFO-test_bindBankCard-日I信息:Excel里期望的Y果：ok-[test_bindBankCard.py:44]
2019-05-21 13:49:45,146-INFO-test_bindBankCard-日I信息:魅氲凳牵{'client_ip':'220.24.235.105','tmpl_id':1,'mobile':'18208244792'}-[test_bindBankCard.py:45]
2019-05-21 13:49:45,221-INFO-test_bindBankCard-日I信息:Y束y：成功@取Ca-[test_bindBankCard.py:73]
2019-05-21 13:49:45,225-INFO-test_bindBankCard-日I信息:_始y：成功]-[test_bindBankCard.py:33]
2019-05-21 13:49:45,332-INFO-API2.common.do_http-日I信息:魅氲url是：http://120.24.235.105:9010/finance-user_info-war-1.0/ws/financeUserInfoFacade.ws?wsdl-[do_http.py:15]
2019-05-21 13:49:45,561-INFO-test_bindBankCard-日I信息:用例y的Y果是：ok-[test_bindBankCard.py:43]
2019-05-21 13:49:45,561-INFO-test_bindBankCard-日I信息:Excel里期望的Y果：ok-[test_bindBankCard.py:44]
2019-05-21 13:49:45,566-INFO-test_bindBankCard-日I信息:魅氲凳牵{'verify_code':'285331','user_id':'test_e7','channel_id':1,'pwd':'765120214','mobile':'18208244792','ip':'220.24.235.105'}-[test_bindBankCard.py:45]
2019-05-21 13:49:45,628-INFO-test_bindBankCard-日I信息:Y束y：成功]-[test_bindBankCard.py:73]
2019-05-21 13:49:45,632-INFO-test_bindBankCard-日I信息:_始y：成功JC-[test_bindBankCard.py:33]
2019-05-21 13:49:45,675-INFO-API2.common.do_http-日I信息:魅氲url是：http://120.24.235.105:9010/finance-user_info-war-1.0/ws/financeUserInfoFacade.ws?wsdl-[do_http.py:15]
2019-05-21 13:49:45,760-INFO-test_bindBankCard-日I信息:用例y的Y果是：ok-[test_bindBankCard.py:43]
2019-05-21 13:49:45,761-INFO-test_bindBankCard-日I信息:Excel里期望的Y果：ok-[test_bindBankCard.py:44]
2019-05-21 13:49:45,762-INFO-test_bindBankCard-日I信息:魅氲凳牵{'uid':'100011242','true_name':'海明威','cre_id':'220009196711012303'}-[test_bindBankCard.py:45]
2019-05-21 13:49:45,807-INFO-test_bindBankCard-日I信息:Y束y：成功JC-[test_bindBankCard.py:73]
2019-05-21 13:49:45,811-INFO-test_bindBankCard-日I信息:_始y：定y行卡-[test_bindBankCard.py:33]
2019-05-21 13:49:45,831-INFO-API2.common.do_http-日I信息:魅氲url是：http://120.24.235.105:9010/finance-user_info-war-1.0/ws/financeUserInfoFacade.ws?wsdl-[do_http.py:15]
2019-05-21 13:49:45,834-INFO-test_bindBankCard-日I信息:测试后置处理！-[test_bindBankCard.py:77]
2019-05-21 13:49:45,837-INFO-test_sendMCode-日I信息:准备测试前置！-[test_sendMCode.py:22]
2019-05-21 13:49:45,840-INFO-test_sendMCode-日I信息:_始y：手机号码合理-[test_sendMCode.py:29]
2019-05-21 13:49:45,845-INFO-test_sendMCode-日I信息:_始y：手机号码为空-[test_sendMCode.py:29]
2019-05-21 13:49:45,855-INFO-API2.common.do_http-日I信息:魅氲url是：http://120.24.235.105:9010/sms-service-war-1.0/ws/smsFacade.ws?wsdl-[do_http.py:15]
2019-05-21 13:49:45,884-INFO-test_sendMCode-日I信息:用例y的Y果是：手机号码错误-[test_sendMCode.py:39]
2019-05-21 13:49:45,884-INFO-test_sendMCode-日I信息:Excel里期望的Y果：手机号码错误-[test_sendMCode.py:40]
2019-05-21 13:49:45,885-INFO-test_sendMCode-日I信息:魅氲凳牵{'client_ip':'220.24.235.105','tmpl_id':1,'mobile':''}-[test_sendMCode.py:41]
2019-05-21 13:49:45,920-INFO-test_sendMCode-日I信息:Y束y：手机号码为空-[test_sendMCode.py:59]
2019-05-21 13:49:45,923-INFO-test_sendMCode-日I信息:_始y：手机号码格式不正确-[test_sendMCode.py:29]
2019-05-21 13:49:45,933-INFO-API2.common.do_http-日I信息:魅氲url是：http://120.24.235.105:9010/sms-service-war-1.0/ws/smsFacade.ws?wsdl-[do_http.py:15]
2019-05-21 13:49:45,985-INFO-test_sendMCode-日I信息:用例y的Y果是：手机号码错误-[test_sendMCode.py:39]
2019-05-21 13:49:45,986-INFO-test_sendMCode-日I信息:Excel里期望的Y果：手机号码错误-[test_sendMCode.py:40]
2019-05-21 13:49:45,993-INFO-test_sendMCode-日I信息:魅氲凳牵{'client_ip':'220.24.235.105','tmpl_id':1,'mobile':'nihao'}-[test_sendMCode.py:41]
2019-05-21 13:49:46,039-INFO-test_sendMCode-日I信息:Y束y：手机号码格式不正确-[test_sendMCode.py:59]
2019-05-21 13:49:46,044-INFO-test_sendMCode-日I信息:_始y：手机号码位数不正确-[test_sendMCode.py:29]
2019-05-21 13:49:46,055-INFO-API2.common.do_http-日I信息:魅氲url是：http://120.24.235.105:9010/sms-service-war-1.0/ws/smsFacade.ws?wsdl-[do_http.py:15]
2019-05-21 13:49:46,079-INFO-test_sendMCode-日I信息:用例y的Y果是：手机号码错误-[test_sendMCode.py:39]
2019-05-21 13:49:46,079-INFO-test_sendMCode-日I信息:Excel里期望的Y果：手机号码错误-[test_sendMCode.py:40]
2019-05-21 13:49:46,080-INFO-test_sendMCode-日I信息:魅氲凳牵{'client_ip':'220.24.235.105','tmpl_id':1,'mobile':'1821881316'}-[test_sendMCode.py:41]
2019-05-21 13:49:46,116-INFO-test_sendMCode-日I信息:Y束y：手机号码位数不正确-[test_sendMCode.py:59]
2019-05-21 13:49:46,119-INFO-test_sendMCode-日I信息:测试后置处理！-[test_sendMCode.py:64]
2019-05-21 13:49:46,123-INFO-test_userRegister-日I信息:准备测试前置！-[test_userRegister.py:27]
2019-05-21 13:49:46,126-INFO-test_userRegister-日I信息:_始y：@取Ca-[test_userRegister.py:34]
2019-05-21 13:49:46,135-INFO-API2.common.do_http-日I信息:魅氲url是：http://120.24.235.105:9010/sms-service-war-1.0/ws/smsFacade.ws?wsdl-[do_http.py:15]
2019-05-21 13:49:46,285-INFO-test_userRegister-日I信息:用例y的Y果是：ok-[test_userRegister.py:48]
2019-05-21 13:49:46,286-INFO-test_userRegister-日I信息:Excel里期望的Y果：ok-[test_userRegister.py:49]
2019-05-21 13:49:46,288-INFO-test_userRegister-日I信息:魅氲凳牵{'client_ip':'220.24.235.105','tmpl_id':1,'mobile':'18231142070'}-[test_userRegister.py:50]
2019-05-21 13:49:46,333-ERROR-test_userRegister-日I信息:箦e了,z查sql是否有`！Cursor closed-[test_userRegister.py:71]
2019-05-21 13:49:46,337-INFO-test_userRegister-日I信息:_始y：输入正确短信验证码-[test_userRegister.py:34]
2019-05-21 13:49:46,341-INFO-test_userRegister-日I信息:_始y：输入重}的用裘-[test_userRegister.py:34]
2019-05-21 13:49:46,363-INFO-API2.common.do_http-日I信息:魅氲url是：http://120.24.235.105:9010/finance-user_info-war-1.0/ws/financeUserInfoFacade.ws?wsdl-[do_http.py:15]
2019-05-21 13:49:46,477-INFO-test_userRegister-日I信息:用例y的Y果是：验证码错误-[test_userRegister.py:48]
2019-05-21 13:49:46,478-INFO-test_userRegister-日I信息:Excel里期望的Y果：该用户已存在-[test_userRegister.py:49]
2019-05-21 13:49:46,483-INFO-test_userRegister-日I信息:魅氲凳牵{'verify_code':'285331','user_id':'test_e9','channel_id':1,'pwd':'765120214','mobile':'18231142070','ip':'220.24.235.105'}-[test_userRegister.py:50]
2019-05-21 13:49:46,532-ERROR-test_userRegister-日I信息:出错了！'该用户已存在' != '验证码错误'
- 该用户已存在
+ 验证码错误
-[test_userRegister.py:57]
2019-05-21 13:49:46,537-INFO-test_userRegister-日I信息:_始y：输入格式错误短信验证码-[test_userRegister.py:34]
2019-05-21 13:49:46,559-INFO-API2.common.do_http-日I信息:魅氲url是：http://120.24.235.105:9010/finance-user_info-war-1.0/ws/financeUserInfoFacade.ws?wsdl-[do_http.py:15]
2019-05-21 13:49:46,652-INFO-test_userRegister-日I信息:用例y的Y果是：验证码错误-[test_userRegister.py:48]
2019-05-21 13:49:46,652-INFO-test_userRegister-日I信息:Excel里期望的Y果：验证码错误-[test_userRegister.py:49]
2019-05-21 13:49:46,655-INFO-test_userRegister-日I信息:魅氲凳牵{'verify_code':'niaho','user_id':'test_e10','channel_id':1,'pwd':'765120214','mobile':'18231142070','ip':'220.24.235.105'}-[test_userRegister.py:50]
2019-05-21 13:49:46,690-INFO-test_userRegister-日I信息:Y束y：输入格式错误短信验证码-[test_userRegister.py:73]
2019-05-21 13:49:46,696-INFO-test_userRegister-日I信息:_始y：输入位数错误短信验证码-[test_userRegister.py:34]
2019-05-21 13:49:46,717-INFO-API2.common.do_http-日I信息:魅氲url是：http://120.24.235.105:9010/finance-user_info-war-1.0/ws/financeUserInfoFacade.ws?wsdl-[do_http.py:15]
2019-05-21 13:49:46,826-INFO-test_userRegister-日I信息:用例y的Y果是：验证码错误-[test_userRegister.py:48]
2019-05-21 13:49:46,827-INFO-test_userRegister-日I信息:Excel里期望的Y果：验证码错误-[test_userRegister.py:49]
2019-05-21 13:49:46,833-INFO-test_userRegister-日I信息:魅氲凳牵{'verify_code':'1','user_id':'test_e11','channel_id':1,'pwd':'765120214','mobile':'18231142070','ip':'220.24.235.105'}-[test_userRegister.py:50]
2019-05-21 13:49:46,884-INFO-test_userRegister-日I信息:Y束y：输入位数错误短信验证码-[test_userRegister.py:73]
2019-05-21 13:49:46,888-INFO-test_userRegister-日I信息:_始y：输入空的短信验证码-[test_userRegister.py:34]
2019-05-21 13:49:46,907-INFO-API2.common.do_http-日I信息:魅氲url是：http://120.24.235.105:9010/finance-user_info-war-1.0/ws/financeUserInfoFacade.ws?wsdl-[do_http.py:15]
2019-05-21 13:49:46,942-INFO-test_userRegister-日I信息:用例y的Y果是：验证码错误-[test_userRegister.py:48]
2019-05-21 13:49:46,942-INFO-test_userRegister-日I信息:Excel里期望的Y果：验证码错误-[test_userRegister.py:49]
2019-05-21 13:49:46,944-INFO-test_userRegister-日I信息:魅氲凳牵{'verify_code':'','user_id':'test_e12','channel_id':1,'pwd':'765120214','mobile':'18231142070','ip':'220.24.235.1050'}-[test_userRegister.py:50]
2019-05-21 13:49:46,985-INFO-test_userRegister-日I信息:Y束y：输入空的短信验证码-[test_userRegister.py:73]
2019-05-21 13:49:46,987-INFO-test_userRegister-日I信息:_始y：输入空的注册名-[test_userRegister.py:34]
2019-05-21 13:49:47,016-INFO-API2.common.do_http-日I信息:魅氲url是：http://120.24.235.105:9010/finance-user_info-war-1.0/ws/financeUserInfoFacade.ws?wsdl-[do_http.py:15]
2019-05-21 13:49:47,044-INFO-test_userRegister-日I信息:用例y的Y果是：用户名错误-[test_userRegister.py:48]
2019-05-21 13:49:47,045-INFO-test_userRegister-日I信息:Excel里期望的Y果：用户名错误-[test_userRegister.py:49]
2019-05-21 13:49:47,047-INFO-test_userRegister-日I信息:魅氲凳牵{'verify_code':'285331','user_id':'','channel_id':1,'pwd':'765120214','mobile':'18231142070','ip':'220.24.235.105'}-[test_userRegister.py:50]
2019-05-21 13:49:47,087-INFO-test_userRegister-日I信息:Y束y：输入空的注册名-[test_userRegister.py:73]
2019-05-21 13:49:47,090-INFO-test_userRegister-日I信息:_始y：输入空的渠道信息-[test_userRegister.py:34]
2019-05-21 13:49:47,112-INFO-API2.common.do_http-日I信息:魅氲url是：http://120.24.235.105:9010/finance-user_info-war-1.0/ws/financeUserInfoFacade.ws?wsdl-[do_http.py:15]
2019-05-21 13:49:47,153-INFO-test_userRegister-日I信息:用例y的Y果是：渠道信息错误-[test_userRegister.py:48]
2019-05-21 13:49:47,154-INFO-test_userRegister-日I信息:Excel里期望的Y果：渠道信息错误-[test_userRegister.py:49]
2019-05-21 13:49:47,161-INFO-test_userRegister-日I信息:魅氲凳牵{'verify_code':'285331','user_id':'test_e14','channel_id':'','pwd':'765120214','mobile':'18231142070','ip':'220.24.235.105'}-[test_userRegister.py:50]
2019-05-21 13:49:47,204-INFO-test_userRegister-日I信息:Y束y：输入空的渠道信息-[test_userRegister.py:73]
2019-05-21 13:49:47,208-INFO-test_userRegister-日I信息:_始y：输入格式有误的渠道信息-[test_userRegister.py:34]
2019-05-21 13:49:47,228-INFO-API2.common.do_http-日I信息:魅氲url是：http://120.24.235.105:9010/finance-user_info-war-1.0/ws/financeUserInfoFacade.ws?wsdl-[do_http.py:15]
2019-05-21 13:49:47,269-INFO-test_userRegister-日I信息:用例y的Y果是：渠道信息错误-[test_userRegister.py:48]
2019-05-21 13:49:47,269-INFO-test_userRegister-日I信息:Excel里期望的Y果：渠道信息错误-[test_userRegister.py:49]
2019-05-21 13:49:47,271-INFO-test_userRegister-日I信息:魅氲凳牵{'verify_code':'285331','user_id':'test_e15','channel_id':'nihao','pwd':'765120214','mobile':'18231142070','ip':'220.24.235.105'}-[test_userRegister.py:50]
2019-05-21 13:49:47,308-INFO-test_userRegister-日I信息:Y束y：输入格式有误的渠道信息-[test_userRegister.py:73]
2019-05-21 13:49:47,312-INFO-test_userRegister-日I信息:_始y：输入非规定渠道信息-[test_userRegister.py:34]
2019-05-21 13:49:47,367-INFO-API2.common.do_http-日I信息:魅氲url是：http://120.24.235.105:9010/finance-user_info-war-1.0/ws/financeUserInfoFacade.ws?wsdl-[do_http.py:15]
2019-05-21 13:49:47,406-INFO-test_userRegister-日I信息:用例y的Y果是：渠道信息错误-[test_userRegister.py:48]
2019-05-21 13:49:47,406-INFO-test_userRegister-日I信息:Excel里期望的Y果：渠道信息错误-[test_userRegister.py:49]
2019-05-21 13:49:47,409-INFO-test_userRegister-日I信息:魅氲凳牵{'verify_code':'285331','user_id':'test_e16','channel_id':4,'pwd':'765120214','mobile':'18231142070','ip':'220.24.235.105'}-[test_userRegister.py:50]
2019-05-21 13:49:47,446-INFO-test_userRegister-日I信息:Y束y：输入非规定渠道信息-[test_userRegister.py:73]
2019-05-21 13:49:47,452-INFO-test_userRegister-日I信息:_始y：输入空的登录密码-[test_userRegister.py:34]
2019-05-21 13:49:47,473-INFO-API2.common.do_http-日I信息:魅氲url是：http://120.24.235.105:9010/finance-user_info-war-1.0/ws/financeUserInfoFacade.ws?wsdl-[do_http.py:15]
2019-05-21 13:49:47,510-INFO-test_userRegister-日I信息:用例y的Y果是：用户UID错误-[test_userRegister.py:48]
2019-05-21 13:49:47,510-INFO-test_userRegister-日I信息:Excel里期望的Y果：用户UID错误-[test_userRegister.py:49]
2019-05-21 13:49:47,512-INFO-test_userRegister-日I信息:魅氲凳牵{'verify_code':'285331','user_id':'test_e17','channel_id':1,'pwd':'','mobile':'18231142070','ip':'220.24.235.105'}-[test_userRegister.py:50]
2019-05-21 13:49:47,548-INFO-test_userRegister-日I信息:Y束y：输入空的登录密码-[test_userRegister.py:73]
2019-05-21 13:49:47,552-INFO-test_userRegister-日I信息:_始y：输入不同手机号-[test_userRegister.py:34]
2019-05-21 13:49:47,573-INFO-API2.common.do_http-日I信息:魅氲url是：http://120.24.235.105:9010/finance-user_info-war-1.0/ws/financeUserInfoFacade.ws?wsdl-[do_http.py:15]
2019-05-21 13:49:47,638-INFO-test_userRegister-日I信息:用例y的Y果是：短信验证码已丢失-[test_userRegister.py:48]
2019-05-21 13:49:47,639-INFO-test_userRegister-日I信息:Excel里期望的Y果：短信验证码已丢失-[test_userRegister.py:49]
2019-05-21 13:49:47,641-INFO-test_userRegister-日I信息:魅氲凳牵{'verify_code':'285331','user_id':'test_e18','channel_id':1,'pwd':'765120214','mobile':'18218813630','ip':'220.24.235.105'}-[test_userRegister.py:50]
2019-05-21 13:49:47,675-INFO-test_userRegister-日I信息:Y束y：输入不同手机号-[test_userRegister.py:73]
2019-05-21 13:49:47,679-INFO-test_userRegister-日I信息:_始y：输入格式错误的手机号-[test_userRegister.py:34]
2019-05-21 13:49:47,699-INFO-API2.common.do_http-日I信息:魅氲url是：http://120.24.235.105:9010/finance-user_info-war-1.0/ws/financeUserInfoFacade.ws?wsdl-[do_http.py:15]
2019-05-21 13:49:47,737-INFO-test_userRegister-日I信息:用例y的Y果是：手机号错误-[test_userRegister.py:48]
2019-05-21 13:49:47,737-INFO-test_userRegister-日I信息:Excel里期望的Y果：手机号错误-[test_userRegister.py:49]
2019-05-21 13:49:47,739-INFO-test_userRegister-日I信息:魅氲凳牵{'verify_code':'285331','user_id':'test_e19','channel_id':1,'pwd':'765120214','mobile':'nihao','ip':'220.24.235.105'}-[test_userRegister.py:50]
2019-05-21 13:49:47,776-INFO-test_userRegister-日I信息:Y束y：输入格式错误的手机号-[test_userRegister.py:73]
2019-05-21 13:49:47,779-INFO-test_userRegister-日I信息:_始y：输入位数有误的手机号-[test_userRegister.py:34]
2019-05-21 13:49:47,798-INFO-API2.common.do_http-日I信息:魅氲url是：http://120.24.235.105:9010/finance-user_info-war-1.0/ws/financeUserInfoFacade.ws?wsdl-[do_http.py:15]
2019-05-21 13:49:47,830-INFO-test_userRegister-日I信息:用例y的Y果是：手机号错误-[test_userRegister.py:48]
2019-05-21 13:49:47,831-INFO-test_userRegister-日I信息:Excel里期望的Y果：手机号错误-[test_userRegister.py:49]
2019-05-21 13:49:47,833-INFO-test_userRegister-日I信息:魅氲凳牵{'verify_code':'285331','user_id':'test_e20','channel_id':1,'pwd':'765120214','mobile':'1821881316','ip':'220.24.235.105'}-[test_userRegister.py:50]
2019-05-21 13:49:47,870-INFO-test_userRegister-日I信息:Y束y：输入位数有误的手机号-[test_userRegister.py:73]
2019-05-21 13:49:47,875-INFO-test_userRegister-日I信息:_始y：输入空的手机号-[test_userRegister.py:34]
2019-05-21 13:49:47,895-INFO-API2.common.do_http-日I信息:魅氲url是：http://120.24.235.105:9010/finance-user_info-war-1.0/ws/financeUserInfoFacade.ws?wsdl-[do_http.py:15]
2019-05-21 13:49:47,933-INFO-test_userRegister-日I信息:用例y的Y果是：手机号错误-[test_userRegister.py:48]
2019-05-21 13:49:47,934-INFO-test_userRegister-日I信息:Excel里期望的Y果：手机号错误-[test_userRegister.py:49]
2019-05-21 13:49:47,934-INFO-test_userRegister-日I信息:魅氲凳牵{'verify_code':'285331','user_id':'test_e21','channel_id':1,'pwd':'765120214','mobile':'','ip':'220.24.235.105'}-[test_userRegister.py:50]
2019-05-21 13:49:47,970-INFO-test_userRegister-日I信息:Y束y：输入空的手机号-[test_userRegister.py:73]
2019-05-21 13:49:47,974-INFO-test_userRegister-日I信息:_始y：输入空的ip地址-[test_userRegister.py:34]
2019-05-21 13:49:47,995-INFO-API2.common.do_http-日I信息:魅氲url是：http://120.24.235.105:9010/finance-user_info-war-1.0/ws/financeUserInfoFacade.ws?wsdl-[do_http.py:15]
2019-05-21 13:49:48,033-INFO-test_userRegister-日I信息:用例y的Y果是：IP地址错误-[test_userRegister.py:48]
2019-05-21 13:49:48,034-INFO-test_userRegister-日I信息:Excel里期望的Y果：IP地址错误-[test_userRegister.py:49]
2019-05-21 13:49:48,036-INFO-test_userRegister-日I信息:魅氲凳牵{'verify_code':'285331','user_id':'test_e22','channel_id':1,'pwd':'765120214','mobile':'18231142070','ip':''}-[test_userRegister.py:50]
2019-05-21 13:49:48,071-INFO-test_userRegister-日I信息:Y束y：输入空的ip地址-[test_userRegister.py:73]
2019-05-21 13:49:48,073-INFO-test_userRegister-日I信息:测试后置处理！-[test_userRegister.py:77]
2019-05-21 13:49:48,077-INFO-test_verifiedUserAuth-日I信息:准备测试前置！-[test_verifiedUserAuth.py:26]
2019-05-21 13:49:48,080-INFO-test_verifiedUserAuth-日I信息:_始y：@取Ca-[test_verifiedUserAuth.py:33]
2019-05-21 13:49:48,088-INFO-API2.common.do_http-日I信息:魅氲url是：http://120.24.235.105:9010/sms-service-war-1.0/ws/smsFacade.ws?wsdl-[do_http.py:15]
2019-05-21 13:49:48,203-INFO-test_verifiedUserAuth-日I信息:用例y的Y果是：ok-[test_verifiedUserAuth.py:47]
2019-05-21 13:49:48,203-INFO-test_verifiedUserAuth-日I信息:Excel里期望的Y果：ok-[test_verifiedUserAuth.py:48]
2019-05-21 13:49:48,206-INFO-test_verifiedUserAuth-日I信息:魅氲凳牵{'client_ip':'220.24.235.105','tmpl_id':1,'mobile':'18214915030'}-[test_verifiedUserAuth.py:49]
2019-05-21 13:49:48,246-ERROR-test_verifiedUserAuth-日I信息:箦e了,z查sql是否有`！Cursor closed-[test_verifiedUserAuth.py:70]
2019-05-21 13:49:48,250-INFO-test_verifiedUserAuth-日I信息:_始y：输入正确短信验证码-[test_verifiedUserAuth.py:33]
2019-05-21 13:49:48,278-INFO-API2.common.do_http-日I信息:魅氲url是：http://120.24.235.105:9010/finance-user_info-war-1.0/ws/financeUserInfoFacade.ws?wsdl-[do_http.py:15]
2019-05-21 13:49:48,377-INFO-test_verifiedUserAuth-日I信息:用例y的Y果是：验证码错误-[test_verifiedUserAuth.py:47]
2019-05-21 13:49:48,377-INFO-test_verifiedUserAuth-日I信息:Excel里期望的Y果：ok-[test_verifiedUserAuth.py:48]
2019-05-21 13:49:48,380-INFO-test_verifiedUserAuth-日I信息:魅氲凳牵{'verify_code':'285331','user_id':'test_e22','channel_id':1,'pwd':'765120214','mobile':'18214915030','ip':'220.24.235.105'}-[test_verifiedUserAuth.py:49]
2019-05-21 13:49:48,418-ERROR-test_verifiedUserAuth-日I信息:出错了！'ok' != '验证码错误'
- ok
+ 验证码错误
-[test_verifiedUserAuth.py:57]
2019-05-21 13:49:48,423-INFO-test_verifiedUserAuth-日I信息:_始y：用Uid榭-[test_verifiedUserAuth.py:33]
2019-05-21 13:49:48,445-INFO-API2.common.do_http-日I信息:魅氲url是：http://120.24.235.105:9010/finance-user_info-war-1.0/ws/financeUserInfoFacade.ws?wsdl-[do_http.py:15]
2019-05-21 13:49:48,471-INFO-test_verifiedUserAuth-日I信息:用例y的Y果是：Unmarshalling Error: For input string: "" -[test_verifiedUserAuth.py:47]
2019-05-21 13:49:48,471-INFO-test_verifiedUserAuth-日I信息:Excel里期望的Y果：用户Uid错误-[test_verifiedUserAuth.py:48]
2019-05-21 13:49:48,474-INFO-test_verifiedUserAuth-日I信息:魅氲凳牵{'uid':'','true_name':'海明威','cre_id':'220009196711012303'}-[test_verifiedUserAuth.py:49]
2019-05-21 13:49:48,512-ERROR-test_verifiedUserAuth-日I信息:出错了！'用户Uid错误' != 'Unmarshalling Error: For input string: "" '
- 用户Uid错误
+ Unmarshalling Error: For input string: "" 
-[test_verifiedUserAuth.py:57]
2019-05-21 13:49:48,517-INFO-test_verifiedUserAuth-日I信息:_始y：用Uid格式e`-[test_verifiedUserAuth.py:33]
2019-05-21 13:49:48,571-INFO-API2.common.do_http-日I信息:魅氲url是：http://120.24.235.105:9010/finance-user_info-war-1.0/ws/financeUserInfoFacade.ws?wsdl-[do_http.py:15]
2019-05-21 13:49:48,590-INFO-test_verifiedUserAuth-日I信息:用例y的Y果是：Unmarshalling Error: For input string: "nihao" -[test_verifiedUserAuth.py:47]
2019-05-21 13:49:48,591-INFO-test_verifiedUserAuth-日I信息:Excel里期望的Y果：用户Uid错误-[test_verifiedUserAuth.py:48]
2019-05-21 13:49:48,592-INFO-test_verifiedUserAuth-日I信息:魅氲凳牵{'uid':'nihao','true_name':'海明威','cre_id':'220009196711012303'}-[test_verifiedUserAuth.py:49]
2019-05-21 13:49:48,637-ERROR-test_verifiedUserAuth-日I信息:出错了！'用户Uid错误' != 'Unmarshalling Error: For input string: "nihao" '
- 用户Uid错误
+ Unmarshalling Error: For input string: "nihao" 
-[test_verifiedUserAuth.py:57]
2019-05-21 13:49:48,643-INFO-test_verifiedUserAuth-日I信息:_始y：用Uid位涤姓`-[test_verifiedUserAuth.py:33]
2019-05-21 13:49:48,647-INFO-test_verifiedUserAuth-日I信息:_始y：真姓名榭-[test_verifiedUserAuth.py:33]
2019-05-21 13:49:48,670-INFO-API2.common.do_http-日I信息:魅氲url是：http://120.24.235.105:9010/finance-user_info-war-1.0/ws/financeUserInfoFacade.ws?wsdl-[do_http.py:15]
2019-05-21 13:49:48,697-INFO-test_verifiedUserAuth-日I信息:用例y的Y果是：真实姓名错误-[test_verifiedUserAuth.py:47]
2019-05-21 13:49:48,697-INFO-test_verifiedUserAuth-日I信息:Excel里期望的Y果：真实姓名错误-[test_verifiedUserAuth.py:48]
2019-05-21 13:49:48,699-INFO-test_verifiedUserAuth-日I信息:魅氲凳牵{'uid':'100011242','true_name':'','cre_id':'220009196711012303'}-[test_verifiedUserAuth.py:49]
2019-05-21 13:49:48,735-INFO-test_verifiedUserAuth-日I信息:Y束y：真姓名榭-[test_verifiedUserAuth.py:72]
2019-05-21 13:49:48,739-INFO-test_verifiedUserAuth-日I信息:_始y：身份C榭-[test_verifiedUserAuth.py:33]
2019-05-21 13:49:48,761-INFO-API2.common.do_http-日I信息:魅氲url是：http://120.24.235.105:9010/finance-user_info-war-1.0/ws/financeUserInfoFacade.ws?wsdl-[do_http.py:15]
2019-05-21 13:49:48,788-INFO-test_verifiedUserAuth-日I信息:用例y的Y果是：身份证号错误-[test_verifiedUserAuth.py:47]
2019-05-21 13:49:48,789-INFO-test_verifiedUserAuth-日I信息:Excel里期望的Y果：身份证号错误-[test_verifiedUserAuth.py:48]
2019-05-21 13:49:48,791-INFO-test_verifiedUserAuth-日I信息:魅氲凳牵{'uid':'100011242','true_name':'海明威','cre_id':''}-[test_verifiedUserAuth.py:49]
2019-05-21 13:49:48,830-INFO-test_verifiedUserAuth-日I信息:Y束y：身份C榭-[test_verifiedUserAuth.py:72]
2019-05-21 13:49:48,835-INFO-test_verifiedUserAuth-日I信息:_始y：身份C格式e`-[test_verifiedUserAuth.py:33]
2019-05-21 13:49:48,855-INFO-API2.common.do_http-日I信息:魅氲url是：http://120.24.235.105:9010/finance-user_info-war-1.0/ws/financeUserInfoFacade.ws?wsdl-[do_http.py:15]
2019-05-21 13:49:48,895-INFO-test_verifiedUserAuth-日I信息:用例y的Y果是：身份证号错误-[test_verifiedUserAuth.py:47]
2019-05-21 13:49:48,895-INFO-test_verifiedUserAuth-日I信息:Excel里期望的Y果：身份证号错误-[test_verifiedUserAuth.py:48]
2019-05-21 13:49:48,897-INFO-test_verifiedUserAuth-日I信息:魅氲凳牵{'uid':'100011242','true_name':'海明威','cre_id':'nihao'}-[test_verifiedUserAuth.py:49]
2019-05-21 13:49:48,935-INFO-test_verifiedUserAuth-日I信息:Y束y：身份C格式e`-[test_verifiedUserAuth.py:72]
2019-05-21 13:49:48,938-INFO-test_verifiedUserAuth-日I信息:_始y：身份C位涤姓`-[test_verifiedUserAuth.py:33]
2019-05-21 13:49:48,958-INFO-API2.common.do_http-日I信息:魅氲url是：http://120.24.235.105:9010/finance-user_info-war-1.0/ws/financeUserInfoFacade.ws?wsdl-[do_http.py:15]
2019-05-21 13:49:49,001-INFO-test_verifiedUserAuth-日I信息:用例y的Y果是：身份证号错误-[test_verifiedUserAuth.py:47]
2019-05-21 13:49:49,002-INFO-test_verifiedUserAuth-日I信息:Excel里期望的Y果：身份证号错误-[test_verifiedUserAuth.py:48]
2019-05-21 13:49:49,003-INFO-test_verifiedUserAuth-日I信息:魅氲凳牵{'uid':'100011242','true_name':'海明威','cre_id':'46003319931008'}-[test_verifiedUserAuth.py:49]
2019-05-21 13:49:49,042-INFO-test_verifiedUserAuth-日I信息:Y束y：身份C位涤姓`-[test_verifiedUserAuth.py:72]
2019-05-21 13:49:49,046-INFO-test_verifiedUserAuth-日I信息:_始y：嫡_-[test_verifiedUserAuth.py:33]
2019-05-21 13:49:49,051-INFO-test_verifiedUserAuth-日I信息:测试后置处理！-[test_verifiedUserAuth.py:76]
2019-05-21 13:50:06,775-INFO-test_bindBankCard-日I信息:准备测试前置！-[test_bindBankCard.py:26]
2019-05-21 13:50:06,777-INFO-test_bindBankCard-日I信息:_始y：成功@取Ca-[test_bindBankCard.py:33]
2019-05-21 13:50:06,910-INFO-API2.common.do_http-日I信息:魅氲url是：http://120.24.235.105:9010/sms-service-war-1.0/ws/smsFacade.ws?wsdl-[do_http.py:15]
2019-05-21 13:50:07,093-INFO-test_bindBankCard-日I信息:用例y的Y果是：ok-[test_bindBankCard.py:43]
2019-05-21 13:50:07,093-INFO-test_bindBankCard-日I信息:Excel里期望的Y果：ok-[test_bindBankCard.py:44]
2019-05-21 13:50:07,095-INFO-test_bindBankCard-日I信息:魅氲凳牵{'client_ip':'220.24.235.105','tmpl_id':1,'mobile':'18201874594'}-[test_bindBankCard.py:45]
2019-05-21 13:50:07,162-INFO-test_bindBankCard-日I信息:Y束y：成功@取Ca-[test_bindBankCard.py:73]
2019-05-21 13:50:07,167-INFO-test_bindBankCard-日I信息:_始y：成功]-[test_bindBankCard.py:33]
2019-05-21 13:50:07,261-INFO-API2.common.do_http-日I信息:魅氲url是：http://120.24.235.105:9010/finance-user_info-war-1.0/ws/financeUserInfoFacade.ws?wsdl-[do_http.py:15]
2019-05-21 13:50:07,435-INFO-test_bindBankCard-日I信息:用例y的Y果是：ok-[test_bindBankCard.py:43]
2019-05-21 13:50:07,436-INFO-test_bindBankCard-日I信息:Excel里期望的Y果：ok-[test_bindBankCard.py:44]
2019-05-21 13:50:07,436-INFO-test_bindBankCard-日I信息:魅氲凳牵{'verify_code':'056754','user_id':'test_x4','channel_id':1,'pwd':'765120214','mobile':'18201874594','ip':'220.24.235.105'}-[test_bindBankCard.py:45]
2019-05-21 13:50:07,483-INFO-test_bindBankCard-日I信息:Y束y：成功]-[test_bindBankCard.py:73]
2019-05-21 13:50:07,487-INFO-test_bindBankCard-日I信息:_始y：成功JC-[test_bindBankCard.py:33]
2019-05-21 13:50:07,520-INFO-API2.common.do_http-日I信息:魅氲url是：http://120.24.235.105:9010/finance-user_info-war-1.0/ws/financeUserInfoFacade.ws?wsdl-[do_http.py:15]
2019-05-21 13:50:07,595-INFO-test_bindBankCard-日I信息:用例y的Y果是：ok-[test_bindBankCard.py:43]
2019-05-21 13:50:07,596-INFO-test_bindBankCard-日I信息:Excel里期望的Y果：ok-[test_bindBankCard.py:44]
2019-05-21 13:50:07,598-INFO-test_bindBankCard-日I信息:魅氲凳牵{'uid':'100011243','true_name':'海明威','cre_id':'440002199807292581'}-[test_bindBankCard.py:45]
2019-05-21 13:50:07,634-INFO-test_bindBankCard-日I信息:Y束y：成功JC-[test_bindBankCard.py:73]
2019-05-21 13:50:07,639-INFO-test_bindBankCard-日I信息:_始y：定y行卡-[test_bindBankCard.py:33]
2019-05-21 13:50:07,659-INFO-API2.common.do_http-日I信息:魅氲url是：http://120.24.235.105:9010/finance-user_info-war-1.0/ws/financeUserInfoFacade.ws?wsdl-[do_http.py:15]
2019-05-21 13:50:07,662-INFO-test_bindBankCard-日I信息:测试后置处理！-[test_bindBankCard.py:77]
2019-05-21 13:50:07,664-INFO-test_sendMCode-日I信息:准备测试前置！-[test_sendMCode.py:22]
2019-05-21 13:50:07,667-INFO-test_sendMCode-日I信息:_始y：手机号码合理-[test_sendMCode.py:29]
2019-05-21 13:50:07,672-INFO-test_sendMCode-日I信息:_始y：手机号码为空-[test_sendMCode.py:29]
2019-05-21 13:50:07,681-INFO-API2.common.do_http-日I信息:魅氲url是：http://120.24.235.105:9010/sms-service-war-1.0/ws/smsFacade.ws?wsdl-[do_http.py:15]
2019-05-21 13:50:07,699-INFO-test_sendMCode-日I信息:用例y的Y果是：手机号码错误-[test_sendMCode.py:39]
2019-05-21 13:50:07,699-INFO-test_sendMCode-日I信息:Excel里期望的Y果：手机号码错误-[test_sendMCode.py:40]
2019-05-21 13:50:07,701-INFO-test_sendMCode-日I信息:魅氲凳牵{'client_ip':'220.24.235.105','tmpl_id':1,'mobile':''}-[test_sendMCode.py:41]
2019-05-21 13:50:07,741-INFO-test_sendMCode-日I信息:Y束y：手机号码为空-[test_sendMCode.py:59]
2019-05-21 13:50:07,745-INFO-test_sendMCode-日I信息:_始y：手机号码格式不正确-[test_sendMCode.py:29]
2019-05-21 13:50:07,755-INFO-API2.common.do_http-日I信息:魅氲url是：http://120.24.235.105:9010/sms-service-war-1.0/ws/smsFacade.ws?wsdl-[do_http.py:15]
2019-05-21 13:50:07,776-INFO-test_sendMCode-日I信息:用例y的Y果是：手机号码错误-[test_sendMCode.py:39]
2019-05-21 13:50:07,776-INFO-test_sendMCode-日I信息:Excel里期望的Y果：手机号码错误-[test_sendMCode.py:40]
2019-05-21 13:50:07,779-INFO-test_sendMCode-日I信息:魅氲凳牵{'client_ip':'220.24.235.105','tmpl_id':1,'mobile':'nihao'}-[test_sendMCode.py:41]
2019-05-21 13:50:07,816-INFO-test_sendMCode-日I信息:Y束y：手机号码格式不正确-[test_sendMCode.py:59]
2019-05-21 13:50:07,822-INFO-test_sendMCode-日I信息:_始y：手机号码位数不正确-[test_sendMCode.py:29]
2019-05-21 13:50:07,832-INFO-API2.common.do_http-日I信息:魅氲url是：http://120.24.235.105:9010/sms-service-war-1.0/ws/smsFacade.ws?wsdl-[do_http.py:15]
2019-05-21 13:50:07,856-INFO-test_sendMCode-日I信息:用例y的Y果是：手机号码错误-[test_sendMCode.py:39]
2019-05-21 13:50:07,856-INFO-test_sendMCode-日I信息:Excel里期望的Y果：手机号码错误-[test_sendMCode.py:40]
2019-05-21 13:50:07,860-INFO-test_sendMCode-日I信息:魅氲凳牵{'client_ip':'220.24.235.105','tmpl_id':1,'mobile':'1821881316'}-[test_sendMCode.py:41]
2019-05-21 13:50:07,900-INFO-test_sendMCode-日I信息:Y束y：手机号码位数不正确-[test_sendMCode.py:59]
2019-05-21 13:50:07,901-INFO-test_sendMCode-日I信息:测试后置处理！-[test_sendMCode.py:64]
2019-05-21 13:50:07,905-INFO-test_userRegister-日I信息:准备测试前置！-[test_userRegister.py:27]
2019-05-21 13:50:07,908-INFO-test_userRegister-日I信息:_始y：@取Ca-[test_userRegister.py:34]
2019-05-21 13:50:07,918-INFO-API2.common.do_http-日I信息:魅氲url是：http://120.24.235.105:9010/sms-service-war-1.0/ws/smsFacade.ws?wsdl-[do_http.py:15]
2019-05-21 13:50:08,090-INFO-test_userRegister-日I信息:用例y的Y果是：ok-[test_userRegister.py:48]
2019-05-21 13:50:08,090-INFO-test_userRegister-日I信息:Excel里期望的Y果：ok-[test_userRegister.py:49]
2019-05-21 13:50:08,092-INFO-test_userRegister-日I信息:魅氲凳牵{'client_ip':'220.24.235.105','tmpl_id':1,'mobile':'18263713548'}-[test_userRegister.py:50]
2019-05-21 13:50:08,130-ERROR-test_userRegister-日I信息:箦e了,z查sql是否有`！Cursor closed-[test_userRegister.py:71]
2019-05-21 13:50:08,136-INFO-test_userRegister-日I信息:_始y：输入正确短信验证码-[test_userRegister.py:34]
2019-05-21 13:50:08,140-INFO-test_userRegister-日I信息:_始y：输入重}的用裘-[test_userRegister.py:34]
2019-05-21 13:50:08,162-INFO-API2.common.do_http-日I信息:魅氲url是：http://120.24.235.105:9010/finance-user_info-war-1.0/ws/financeUserInfoFacade.ws?wsdl-[do_http.py:15]
2019-05-21 13:50:08,262-INFO-test_userRegister-日I信息:用例y的Y果是：验证码错误-[test_userRegister.py:48]
2019-05-21 13:50:08,262-INFO-test_userRegister-日I信息:Excel里期望的Y果：该用户已存在-[test_userRegister.py:49]
2019-05-21 13:50:08,264-INFO-test_userRegister-日I信息:魅氲凳牵{'verify_code':'056754','user_id':'test_x6','channel_id':1,'pwd':'765120214','mobile':'18263713548','ip':'220.24.235.105'}-[test_userRegister.py:50]
2019-05-21 13:50:08,301-ERROR-test_userRegister-日I信息:出错了！'该用户已存在' != '验证码错误'
- 该用户已存在
+ 验证码错误
-[test_userRegister.py:57]
2019-05-21 13:50:08,309-INFO-test_userRegister-日I信息:_始y：输入格式错误短信验证码-[test_userRegister.py:34]
2019-05-21 13:50:08,330-INFO-API2.common.do_http-日I信息:魅氲url是：http://120.24.235.105:9010/finance-user_info-war-1.0/ws/financeUserInfoFacade.ws?wsdl-[do_http.py:15]
2019-05-21 13:50:08,436-INFO-test_userRegister-日I信息:用例y的Y果是：验证码错误-[test_userRegister.py:48]
2019-05-21 13:50:08,436-INFO-test_userRegister-日I信息:Excel里期望的Y果：验证码错误-[test_userRegister.py:49]
2019-05-21 13:50:08,440-INFO-test_userRegister-日I信息:魅氲凳牵{'verify_code':'niaho','user_id':'test_x7','channel_id':1,'pwd':'765120214','mobile':'18263713548','ip':'220.24.235.105'}-[test_userRegister.py:50]
2019-05-21 13:50:08,479-INFO-test_userRegister-日I信息:Y束y：输入格式错误短信验证码-[test_userRegister.py:73]
2019-05-21 13:50:08,481-INFO-test_userRegister-日I信息:_始y：输入位数错误短信验证码-[test_userRegister.py:34]
2019-05-21 13:50:08,501-INFO-API2.common.do_http-日I信息:魅氲url是：http://120.24.235.105:9010/finance-user_info-war-1.0/ws/financeUserInfoFacade.ws?wsdl-[do_http.py:15]
2019-05-21 13:50:08,590-INFO-test_userRegister-日I信息:用例y的Y果是：验证码错误-[test_userRegister.py:48]
2019-05-21 13:50:08,590-INFO-test_userRegister-日I信息:Excel里期望的Y果：验证码错误-[test_userRegister.py:49]
2019-05-21 13:50:08,592-INFO-test_userRegister-日I信息:魅氲凳牵{'verify_code':'1','user_id':'test_x8','channel_id':1,'pwd':'765120214','mobile':'18263713548','ip':'220.24.235.105'}-[test_userRegister.py:50]
2019-05-21 13:50:08,628-INFO-test_userRegister-日I信息:Y束y：输入位数错误短信验证码-[test_userRegister.py:73]
2019-05-21 13:50:08,633-INFO-test_userRegister-日I信息:_始y：输入空的短信验证码-[test_userRegister.py:34]
2019-05-21 13:50:08,653-INFO-API2.common.do_http-日I信息:魅氲url是：http://120.24.235.105:9010/finance-user_info-war-1.0/ws/financeUserInfoFacade.ws?wsdl-[do_http.py:15]
2019-05-21 13:50:08,687-INFO-test_userRegister-日I信息:用例y的Y果是：验证码错误-[test_userRegister.py:48]
2019-05-21 13:50:08,688-INFO-test_userRegister-日I信息:Excel里期望的Y果：验证码错误-[test_userRegister.py:49]
2019-05-21 13:50:08,690-INFO-test_userRegister-日I信息:魅氲凳牵{'verify_code':'','user_id':'test_x9','channel_id':1,'pwd':'765120214','mobile':'18263713548','ip':'220.24.235.1050'}-[test_userRegister.py:50]
2019-05-21 13:50:08,725-INFO-test_userRegister-日I信息:Y束y：输入空的短信验证码-[test_userRegister.py:73]
2019-05-21 13:50:08,728-INFO-test_userRegister-日I信息:_始y：输入空的注册名-[test_userRegister.py:34]
2019-05-21 13:50:08,749-INFO-API2.common.do_http-日I信息:魅氲url是：http://120.24.235.105:9010/finance-user_info-war-1.0/ws/financeUserInfoFacade.ws?wsdl-[do_http.py:15]
2019-05-21 13:50:08,774-INFO-test_userRegister-日I信息:用例y的Y果是：用户名错误-[test_userRegister.py:48]
2019-05-21 13:50:08,774-INFO-test_userRegister-日I信息:Excel里期望的Y果：用户名错误-[test_userRegister.py:49]
2019-05-21 13:50:08,776-INFO-test_userRegister-日I信息:魅氲凳牵{'verify_code':'056754','user_id':'','channel_id':1,'pwd':'765120214','mobile':'18263713548','ip':'220.24.235.105'}-[test_userRegister.py:50]
2019-05-21 13:50:08,812-INFO-test_userRegister-日I信息:Y束y：输入空的注册名-[test_userRegister.py:73]
2019-05-21 13:50:08,815-INFO-test_userRegister-日I信息:_始y：输入空的渠道信息-[test_userRegister.py:34]
2019-05-21 13:50:08,838-INFO-API2.common.do_http-日I信息:魅氲url是：http://120.24.235.105:9010/finance-user_info-war-1.0/ws/financeUserInfoFacade.ws?wsdl-[do_http.py:15]
2019-05-21 13:50:08,875-INFO-test_userRegister-日I信息:用例y的Y果是：渠道信息错误-[test_userRegister.py:48]
2019-05-21 13:50:08,875-INFO-test_userRegister-日I信息:Excel里期望的Y果：渠道信息错误-[test_userRegister.py:49]
2019-05-21 13:50:08,877-INFO-test_userRegister-日I信息:魅氲凳牵{'verify_code':'056754','user_id':'test_x11','channel_id':'','pwd':'765120214','mobile':'18263713548','ip':'220.24.235.105'}-[test_userRegister.py:50]
2019-05-21 13:50:08,912-INFO-test_userRegister-日I信息:Y束y：输入空的渠道信息-[test_userRegister.py:73]
2019-05-21 13:50:08,916-INFO-test_userRegister-日I信息:_始y：输入格式有误的渠道信息-[test_userRegister.py:34]
2019-05-21 13:50:08,940-INFO-API2.common.do_http-日I信息:魅氲url是：http://120.24.235.105:9010/finance-user_info-war-1.0/ws/financeUserInfoFacade.ws?wsdl-[do_http.py:15]
2019-05-21 13:50:08,965-INFO-test_userRegister-日I信息:用例y的Y果是：渠道信息错误-[test_userRegister.py:48]
2019-05-21 13:50:08,966-INFO-test_userRegister-日I信息:Excel里期望的Y果：渠道信息错误-[test_userRegister.py:49]
2019-05-21 13:50:08,968-INFO-test_userRegister-日I信息:魅氲凳牵{'verify_code':'056754','user_id':'test_x12','channel_id':'nihao','pwd':'765120214','mobile':'18263713548','ip':'220.24.235.105'}-[test_userRegister.py:50]
2019-05-21 13:50:09,004-INFO-test_userRegister-日I信息:Y束y：输入格式有误的渠道信息-[test_userRegister.py:73]
2019-05-21 13:50:09,008-INFO-test_userRegister-日I信息:_始y：输入非规定渠道信息-[test_userRegister.py:34]
2019-05-21 13:50:09,065-INFO-API2.common.do_http-日I信息:魅氲url是：http://120.24.235.105:9010/finance-user_info-war-1.0/ws/financeUserInfoFacade.ws?wsdl-[do_http.py:15]
2019-05-21 13:50:09,102-INFO-test_userRegister-日I信息:用例y的Y果是：渠道信息错误-[test_userRegister.py:48]
2019-05-21 13:50:09,102-INFO-test_userRegister-日I信息:Excel里期望的Y果：渠道信息错误-[test_userRegister.py:49]
2019-05-21 13:50:09,104-INFO-test_userRegister-日I信息:魅氲凳牵{'verify_code':'056754','user_id':'test_x13','channel_id':4,'pwd':'765120214','mobile':'18263713548','ip':'220.24.235.105'}-[test_userRegister.py:50]
2019-05-21 13:50:09,140-INFO-test_userRegister-日I信息:Y束y：输入非规定渠道信息-[test_userRegister.py:73]
2019-05-21 13:50:09,144-INFO-test_userRegister-日I信息:_始y：输入空的登录密码-[test_userRegister.py:34]
2019-05-21 13:50:09,167-INFO-API2.common.do_http-日I信息:魅氲url是：http://120.24.235.105:9010/finance-user_info-war-1.0/ws/financeUserInfoFacade.ws?wsdl-[do_http.py:15]
2019-05-21 13:50:09,195-INFO-test_userRegister-日I信息:用例y的Y果是：用户UID错误-[test_userRegister.py:48]
2019-05-21 13:50:09,195-INFO-test_userRegister-日I信息:Excel里期望的Y果：用户UID错误-[test_userRegister.py:49]
2019-05-21 13:50:09,196-INFO-test_userRegister-日I信息:魅氲凳牵{'verify_code':'056754','user_id':'test_x14','channel_id':1,'pwd':'','mobile':'18263713548','ip':'220.24.235.105'}-[test_userRegister.py:50]
2019-05-21 13:50:09,236-INFO-test_userRegister-日I信息:Y束y：输入空的登录密码-[test_userRegister.py:73]
2019-05-21 13:50:09,240-INFO-test_userRegister-日I信息:_始y：输入不同手机号-[test_userRegister.py:34]
2019-05-21 13:50:09,267-INFO-API2.common.do_http-日I信息:魅氲url是：http://120.24.235.105:9010/finance-user_info-war-1.0/ws/financeUserInfoFacade.ws?wsdl-[do_http.py:15]
2019-05-21 13:50:09,328-INFO-test_userRegister-日I信息:用例y的Y果是：短信验证码已丢失-[test_userRegister.py:48]
2019-05-21 13:50:09,329-INFO-test_userRegister-日I信息:Excel里期望的Y果：短信验证码已丢失-[test_userRegister.py:49]
2019-05-21 13:50:09,332-INFO-test_userRegister-日I信息:魅氲凳牵{'verify_code':'056754','user_id':'test_x15','channel_id':1,'pwd':'765120214','mobile':'18218813630','ip':'220.24.235.105'}-[test_userRegister.py:50]
2019-05-21 13:50:09,375-INFO-test_userRegister-日I信息:Y束y：输入不同手机号-[test_userRegister.py:73]
2019-05-21 13:50:09,377-INFO-test_userRegister-日I信息:_始y：输入格式错误的手机号-[test_userRegister.py:34]
2019-05-21 13:50:09,398-INFO-API2.common.do_http-日I信息:魅氲url是：http://120.24.235.105:9010/finance-user_info-war-1.0/ws/financeUserInfoFacade.ws?wsdl-[do_http.py:15]
2019-05-21 13:50:09,438-INFO-test_userRegister-日I信息:用例y的Y果是：手机号错误-[test_userRegister.py:48]
2019-05-21 13:50:09,439-INFO-test_userRegister-日I信息:Excel里期望的Y果：手机号错误-[test_userRegister.py:49]
2019-05-21 13:50:09,440-INFO-test_userRegister-日I信息:魅氲凳牵{'verify_code':'056754','user_id':'test_x16','channel_id':1,'pwd':'765120214','mobile':'nihao','ip':'220.24.235.105'}-[test_userRegister.py:50]
2019-05-21 13:50:09,486-INFO-test_userRegister-日I信息:Y束y：输入格式错误的手机号-[test_userRegister.py:73]
2019-05-21 13:50:09,490-INFO-test_userRegister-日I信息:_始y：输入位数有误的手机号-[test_userRegister.py:34]
2019-05-21 13:50:09,511-INFO-API2.common.do_http-日I信息:魅氲url是：http://120.24.235.105:9010/finance-user_info-war-1.0/ws/financeUserInfoFacade.ws?wsdl-[do_http.py:15]
2019-05-21 13:50:09,540-INFO-test_userRegister-日I信息:用例y的Y果是：手机号错误-[test_userRegister.py:48]
2019-05-21 13:50:09,540-INFO-test_userRegister-日I信息:Excel里期望的Y果：手机号错误-[test_userRegister.py:49]
2019-05-21 13:50:09,542-INFO-test_userRegister-日I信息:魅氲凳牵{'verify_code':'056754','user_id':'test_x17','channel_id':1,'pwd':'765120214','mobile':'1821881316','ip':'220.24.235.105'}-[test_userRegister.py:50]
2019-05-21 13:50:09,641-INFO-test_userRegister-日I信息:Y束y：输入位数有误的手机号-[test_userRegister.py:73]
2019-05-21 13:50:09,646-INFO-test_userRegister-日I信息:_始y：输入空的手机号-[test_userRegister.py:34]
2019-05-21 13:50:09,667-INFO-API2.common.do_http-日I信息:魅氲url是：http://120.24.235.105:9010/finance-user_info-war-1.0/ws/financeUserInfoFacade.ws?wsdl-[do_http.py:15]
2019-05-21 13:50:09,700-INFO-test_userRegister-日I信息:用例y的Y果是：手机号错误-[test_userRegister.py:48]
2019-05-21 13:50:09,700-INFO-test_userRegister-日I信息:Excel里期望的Y果：手机号错误-[test_userRegister.py:49]
2019-05-21 13:50:09,702-INFO-test_userRegister-日I信息:魅氲凳牵{'verify_code':'056754','user_id':'test_x18','channel_id':1,'pwd':'765120214','mobile':'','ip':'220.24.235.105'}-[test_userRegister.py:50]
2019-05-21 13:50:09,738-INFO-test_userRegister-日I信息:Y束y：输入空的手机号-[test_userRegister.py:73]
2019-05-21 13:50:09,744-INFO-test_userRegister-日I信息:_始y：输入空的ip地址-[test_userRegister.py:34]
2019-05-21 13:50:09,766-INFO-API2.common.do_http-日I信息:魅氲url是：http://120.24.235.105:9010/finance-user_info-war-1.0/ws/financeUserInfoFacade.ws?wsdl-[do_http.py:15]
2019-05-21 13:50:09,807-INFO-test_userRegister-日I信息:用例y的Y果是：IP地址错误-[test_userRegister.py:48]
2019-05-21 13:50:09,807-INFO-test_userRegister-日I信息:Excel里期望的Y果：IP地址错误-[test_userRegister.py:49]
2019-05-21 13:50:09,810-INFO-test_userRegister-日I信息:魅氲凳牵{'verify_code':'056754','user_id':'test_x19','channel_id':1,'pwd':'765120214','mobile':'18263713548','ip':''}-[test_userRegister.py:50]
2019-05-21 13:50:09,846-INFO-test_userRegister-日I信息:Y束y：输入空的ip地址-[test_userRegister.py:73]
2019-05-21 13:50:09,849-INFO-test_userRegister-日I信息:测试后置处理！-[test_userRegister.py:77]
2019-05-21 13:50:09,852-INFO-test_verifiedUserAuth-日I信息:准备测试前置！-[test_verifiedUserAuth.py:26]
2019-05-21 13:50:09,856-INFO-test_verifiedUserAuth-日I信息:_始y：@取Ca-[test_verifiedUserAuth.py:33]
2019-05-21 13:50:09,864-INFO-API2.common.do_http-日I信息:魅氲url是：http://120.24.235.105:9010/sms-service-war-1.0/ws/smsFacade.ws?wsdl-[do_http.py:15]
2019-05-21 13:50:10,063-INFO-test_verifiedUserAuth-日I信息:用例y的Y果是：ok-[test_verifiedUserAuth.py:47]
2019-05-21 13:50:10,063-INFO-test_verifiedUserAuth-日I信息:Excel里期望的Y果：ok-[test_verifiedUserAuth.py:48]
2019-05-21 13:50:10,065-INFO-test_verifiedUserAuth-日I信息:魅氲凳牵{'client_ip':'220.24.235.105','tmpl_id':1,'mobile':'18216362382'}-[test_verifiedUserAuth.py:49]
2019-05-21 13:50:10,101-ERROR-test_verifiedUserAuth-日I信息:箦e了,z查sql是否有`！Cursor closed-[test_verifiedUserAuth.py:70]
2019-05-21 13:50:10,105-INFO-test_verifiedUserAuth-日I信息:_始y：输入正确短信验证码-[test_verifiedUserAuth.py:33]
2019-05-21 13:50:10,126-INFO-API2.common.do_http-日I信息:魅氲url是：http://120.24.235.105:9010/finance-user_info-war-1.0/ws/financeUserInfoFacade.ws?wsdl-[do_http.py:15]
2019-05-21 13:50:10,220-INFO-test_verifiedUserAuth-日I信息:用例y的Y果是：验证码错误-[test_verifiedUserAuth.py:47]
2019-05-21 13:50:10,221-INFO-test_verifiedUserAuth-日I信息:Excel里期望的Y果：ok-[test_verifiedUserAuth.py:48]
2019-05-21 13:50:10,223-INFO-test_verifiedUserAuth-日I信息:魅氲凳牵{'verify_code':'056754','user_id':'test_x19','channel_id':1,'pwd':'765120214','mobile':'18216362382','ip':'220.24.235.105'}-[test_verifiedUserAuth.py:49]
2019-05-21 13:50:10,259-ERROR-test_verifiedUserAuth-日I信息:出错了！'ok' != '验证码错误'
- ok
+ 验证码错误
-[test_verifiedUserAuth.py:57]
2019-05-21 13:50:10,264-INFO-test_verifiedUserAuth-日I信息:_始y：用Uid榭-[test_verifiedUserAuth.py:33]
2019-05-21 13:50:10,285-INFO-API2.common.do_http-日I信息:魅氲url是：http://120.24.235.105:9010/finance-user_info-war-1.0/ws/financeUserInfoFacade.ws?wsdl-[do_http.py:15]
2019-05-21 13:50:10,304-INFO-test_verifiedUserAuth-日I信息:用例y的Y果是：Unmarshalling Error: For input string: "" -[test_verifiedUserAuth.py:47]
2019-05-21 13:50:10,304-INFO-test_verifiedUserAuth-日I信息:Excel里期望的Y果：用户Uid错误-[test_verifiedUserAuth.py:48]
2019-05-21 13:50:10,307-INFO-test_verifiedUserAuth-日I信息:魅氲凳牵{'uid':'','true_name':'海明威','cre_id':'440002199807292581'}-[test_verifiedUserAuth.py:49]
2019-05-21 13:50:10,346-ERROR-test_verifiedUserAuth-日I信息:出错了！'用户Uid错误' != 'Unmarshalling Error: For input string: "" '
- 用户Uid错误
+ Unmarshalling Error: For input string: "" 
-[test_verifiedUserAuth.py:57]
2019-05-21 13:50:10,352-INFO-test_verifiedUserAuth-日I信息:_始y：用Uid格式e`-[test_verifiedUserAuth.py:33]
2019-05-21 13:50:10,409-INFO-API2.common.do_http-日I信息:魅氲url是：http://120.24.235.105:9010/finance-user_info-war-1.0/ws/financeUserInfoFacade.ws?wsdl-[do_http.py:15]
2019-05-21 13:50:10,444-INFO-test_verifiedUserAuth-日I信息:用例y的Y果是：Unmarshalling Error: For input string: "nihao" -[test_verifiedUserAuth.py:47]
2019-05-21 13:50:10,444-INFO-test_verifiedUserAuth-日I信息:Excel里期望的Y果：用户Uid错误-[test_verifiedUserAuth.py:48]
2019-05-21 13:50:10,446-INFO-test_verifiedUserAuth-日I信息:魅氲凳牵{'uid':'nihao','true_name':'海明威','cre_id':'440002199807292581'}-[test_verifiedUserAuth.py:49]
2019-05-21 13:50:10,483-ERROR-test_verifiedUserAuth-日I信息:出错了！'用户Uid错误' != 'Unmarshalling Error: For input string: "nihao" '
- 用户Uid错误
+ Unmarshalling Error: For input string: "nihao" 
-[test_verifiedUserAuth.py:57]
2019-05-21 13:50:10,488-INFO-test_verifiedUserAuth-日I信息:_始y：用Uid位涤姓`-[test_verifiedUserAuth.py:33]
2019-05-21 13:50:10,493-INFO-test_verifiedUserAuth-日I信息:_始y：真姓名榭-[test_verifiedUserAuth.py:33]
2019-05-21 13:50:10,521-INFO-API2.common.do_http-日I信息:魅氲url是：http://120.24.235.105:9010/finance-user_info-war-1.0/ws/financeUserInfoFacade.ws?wsdl-[do_http.py:15]
2019-05-21 13:50:10,548-INFO-test_verifiedUserAuth-日I信息:用例y的Y果是：真实姓名错误-[test_verifiedUserAuth.py:47]
2019-05-21 13:50:10,548-INFO-test_verifiedUserAuth-日I信息:Excel里期望的Y果：真实姓名错误-[test_verifiedUserAuth.py:48]
2019-05-21 13:50:10,551-INFO-test_verifiedUserAuth-日I信息:魅氲凳牵{'uid':'100011243','true_name':'','cre_id':'440002199807292581'}-[test_verifiedUserAuth.py:49]
2019-05-21 13:50:10,599-INFO-test_verifiedUserAuth-日I信息:Y束y：真姓名榭-[test_verifiedUserAuth.py:72]
2019-05-21 13:50:10,603-INFO-test_verifiedUserAuth-日I信息:_始y：身份C榭-[test_verifiedUserAuth.py:33]
2019-05-21 13:50:10,623-INFO-API2.common.do_http-日I信息:魅氲url是：http://120.24.235.105:9010/finance-user_info-war-1.0/ws/financeUserInfoFacade.ws?wsdl-[do_http.py:15]
2019-05-21 13:50:10,659-INFO-test_verifiedUserAuth-日I信息:用例y的Y果是：身份证号错误-[test_verifiedUserAuth.py:47]
2019-05-21 13:50:10,660-INFO-test_verifiedUserAuth-日I信息:Excel里期望的Y果：身份证号错误-[test_verifiedUserAuth.py:48]
2019-05-21 13:50:10,665-INFO-test_verifiedUserAuth-日I信息:魅氲凳牵{'uid':'100011243','true_name':'海明威','cre_id':''}-[test_verifiedUserAuth.py:49]
2019-05-21 13:50:10,706-INFO-test_verifiedUserAuth-日I信息:Y束y：身份C榭-[test_verifiedUserAuth.py:72]
2019-05-21 13:50:10,709-INFO-test_verifiedUserAuth-日I信息:_始y：身份C格式e`-[test_verifiedUserAuth.py:33]
2019-05-21 13:50:10,729-INFO-API2.common.do_http-日I信息:魅氲url是：http://120.24.235.105:9010/finance-user_info-war-1.0/ws/financeUserInfoFacade.ws?wsdl-[do_http.py:15]
2019-05-21 13:50:10,771-INFO-test_verifiedUserAuth-日I信息:用例y的Y果是：身份证号错误-[test_verifiedUserAuth.py:47]
2019-05-21 13:50:10,772-INFO-test_verifiedUserAuth-日I信息:Excel里期望的Y果：身份证号错误-[test_verifiedUserAuth.py:48]
2019-05-21 13:50:10,779-INFO-test_verifiedUserAuth-日I信息:魅氲凳牵{'uid':'100011243','true_name':'海明威','cre_id':'nihao'}-[test_verifiedUserAuth.py:49]
2019-05-21 13:50:10,826-INFO-test_verifiedUserAuth-日I信息:Y束y：身份C格式e`-[test_verifiedUserAuth.py:72]
2019-05-21 13:50:10,828-INFO-test_verifiedUserAuth-日I信息:_始y：身份C位涤姓`-[test_verifiedUserAuth.py:33]
2019-05-21 13:50:10,848-INFO-API2.common.do_http-日I信息:魅氲url是：http://120.24.235.105:9010/finance-user_info-war-1.0/ws/financeUserInfoFacade.ws?wsdl-[do_http.py:15]
2019-05-21 13:50:10,891-INFO-test_verifiedUserAuth-日I信息:用例y的Y果是：身份证号错误-[test_verifiedUserAuth.py:47]
2019-05-21 13:50:10,892-INFO-test_verifiedUserAuth-日I信息:Excel里期望的Y果：身份证号错误-[test_verifiedUserAuth.py:48]
2019-05-21 13:50:10,897-INFO-test_verifiedUserAuth-日I信息:魅氲凳牵{'uid':'100011243','true_name':'海明威','cre_id':'46003319931008'}-[test_verifiedUserAuth.py:49]
2019-05-21 13:50:10,939-INFO-test_verifiedUserAuth-日I信息:Y束y：身份C位涤姓`-[test_verifiedUserAuth.py:72]
2019-05-21 13:50:10,943-INFO-test_verifiedUserAuth-日I信息:_始y：嫡_-[test_verifiedUserAuth.py:33]
2019-05-21 13:50:10,947-INFO-test_verifiedUserAuth-日I信息:测试后置处理！-[test_verifiedUserAuth.py:76]
